<?xml version="1.0" encoding="UTF-8"?>
<robot generator="Robot 5.0 (Python 3.9.12 on darwin)" generated="20220509 00:28:15.581" rpa="false" schemaversion="3">
<suite id="s1" name="Tests" source="/Users/filipjadrnicek/UTB/AP4TS/Projekt_TS/Automatization/Tests">
<suite id="s1-s1" name="TS 001 - Main Page" source="/Users/filipjadrnicek/UTB/AP4TS/Projekt_TS/Automatization/Tests/TS_001 - Main Page.robot">
<test id="s1-s1-t1" name="TC_001 : Test_Jadberg_Opening_Website" line="9">
<kw name="Open_Browser_and_url" library="resources">
<doc>Openin browser, maximizing window and checking if title is correct</doc>
<kw name="Open Browser" library="SeleniumLibrary">
<arg>${url}</arg>
<arg>${browser}</arg>
<doc>Opens a new browser instance to the optional ``url``.</doc>
<msg timestamp="20220509 00:28:15.662" level="INFO">Opening browser 'Chrome' to base url 'https://www.jadberg.eu/'.</msg>
<status status="PASS" starttime="20220509 00:28:15.662" endtime="20220509 00:28:19.752"/>
</kw>
<kw name="Maximize Browser Window" library="SeleniumLibrary">
<doc>Maximizes current browser window.</doc>
<status status="PASS" starttime="20220509 00:28:19.752" endtime="20220509 00:28:20.683"/>
</kw>
<kw name="Title Should Be" library="SeleniumLibrary">
<arg>Sportovní oblečení a dresy - Jadberg</arg>
<doc>Verifies that the current page title equals ``title``.</doc>
<msg timestamp="20220509 00:28:20.686" level="INFO">Page title is 'Sportovní oblečení a dresy - Jadberg'.</msg>
<status status="PASS" starttime="20220509 00:28:20.684" endtime="20220509 00:28:20.686"/>
</kw>
<status status="PASS" starttime="20220509 00:28:15.662" endtime="20220509 00:28:20.686"/>
</kw>
<kw name="Set Screenshot Directory" library="SeleniumLibrary">
<arg>../SCREENSHOTS/SCREENSHOTS - Main Page</arg>
<doc>Sets the directory for captured screenshots.</doc>
<status status="PASS" starttime="20220509 00:28:20.686" endtime="20220509 00:28:20.687"/>
</kw>
<kw name="Set Selenium Speed" library="SeleniumLibrary">
<arg>0.1 seconds</arg>
<doc>Sets the delay that is waited after each Selenium command.</doc>
<status status="PASS" starttime="20220509 00:28:20.687" endtime="20220509 00:28:20.687"/>
</kw>
<kw name="Capture Page Screenshot" library="SeleniumLibrary">
<doc>Takes a screenshot of the current page and embeds it into a log file.</doc>
<msg timestamp="20220509 00:28:22.288" level="INFO" html="true">&lt;/td&gt;&lt;/tr&gt;&lt;tr&gt;&lt;td colspan="3"&gt;&lt;a href="../SCREENSHOTS/SCREENSHOTS%20-%20Main%20Page/selenium-screenshot-1.png"&gt;&lt;img src="../SCREENSHOTS/SCREENSHOTS%20-%20Main%20Page/selenium-screenshot-1.png" width="800px"&gt;&lt;/a&gt;</msg>
<status status="PASS" starttime="20220509 00:28:20.687" endtime="20220509 00:28:22.288"/>
</kw>
<status status="PASS" starttime="20220509 00:28:15.661" endtime="20220509 00:28:22.288"/>
</test>
<test id="s1-s1-t2" name="TC_002 : Test_MainPage_SlideShow" line="16">
<kw name="Click Button" library="SeleniumLibrary">
<arg>xpath:${BUTTON_TOP_SLIDESHOW_1}</arg>
<doc>Clicks the button identified by ``locator``.</doc>
<msg timestamp="20220509 00:28:22.289" level="INFO">Clicking button 'xpath:/html/body/div[7]/div[3]/div/ul/li[1]/button'.</msg>
<status status="PASS" starttime="20220509 00:28:22.288" endtime="20220509 00:28:22.848"/>
</kw>
<kw name="Click Button" library="SeleniumLibrary">
<arg>xpath:${BUTTON_TOP_SLIDESHOW_5}</arg>
<doc>Clicks the button identified by ``locator``.</doc>
<msg timestamp="20220509 00:28:22.849" level="INFO">Clicking button 'xpath:/html/body/div[7]/div[3]/div/ul/li[5]/button'.</msg>
<status status="PASS" starttime="20220509 00:28:22.848" endtime="20220509 00:28:23.424"/>
</kw>
<kw name="Capture Page Screenshot" library="SeleniumLibrary">
<doc>Takes a screenshot of the current page and embeds it into a log file.</doc>
<msg timestamp="20220509 00:28:25.125" level="INFO" html="true">&lt;/td&gt;&lt;/tr&gt;&lt;tr&gt;&lt;td colspan="3"&gt;&lt;a href="../SCREENSHOTS/SCREENSHOTS%20-%20Main%20Page/selenium-screenshot-2.png"&gt;&lt;img src="../SCREENSHOTS/SCREENSHOTS%20-%20Main%20Page/selenium-screenshot-2.png" width="800px"&gt;&lt;/a&gt;</msg>
<status status="PASS" starttime="20220509 00:28:23.424" endtime="20220509 00:28:25.126"/>
</kw>
<kw name="Click_Link_Title_Should_Be" library="resources">
<arg>${LINK_TOP_SLIDESHOW_INF}</arg>
<arg>${KRATKE_LEGINY_SEARCH_RES}</arg>
<kw name="Click Link" library="SeleniumLibrary">
<arg>xpath:${navigation_path}</arg>
<doc>Clicks a link identified by ``locator``.</doc>
<msg timestamp="20220509 00:28:25.126" level="INFO">Clicking link 'xpath:/html/body/div[7]/div[3]/div/div/div/div[5]/div/a'.</msg>
<status status="PASS" starttime="20220509 00:28:25.126" endtime="20220509 00:28:26.725"/>
</kw>
<kw name="Title Should Be" library="SeleniumLibrary">
<arg>${title}</arg>
<doc>Verifies that the current page title equals ``title``.</doc>
<msg timestamp="20220509 00:28:26.834" level="INFO">Page title is 'Výsledky vyhledávání pro KRÁTKÉ LEGÍNY - Jadberg'.</msg>
<status status="PASS" starttime="20220509 00:28:26.725" endtime="20220509 00:28:26.834"/>
</kw>
<status status="PASS" starttime="20220509 00:28:25.126" endtime="20220509 00:28:26.835"/>
</kw>
<kw name="Capture Page Screenshot" library="SeleniumLibrary">
<doc>Takes a screenshot of the current page and embeds it into a log file.</doc>
<msg timestamp="20220509 00:28:27.453" level="INFO" html="true">&lt;/td&gt;&lt;/tr&gt;&lt;tr&gt;&lt;td colspan="3"&gt;&lt;a href="../SCREENSHOTS/SCREENSHOTS%20-%20Main%20Page/selenium-screenshot-3.png"&gt;&lt;img src="../SCREENSHOTS/SCREENSHOTS%20-%20Main%20Page/selenium-screenshot-3.png" width="800px"&gt;&lt;/a&gt;</msg>
<status status="PASS" starttime="20220509 00:28:26.835" endtime="20220509 00:28:27.453"/>
</kw>
<kw name="Click_Logo" library="resources">
<kw name="Click Element" library="SeleniumLibrary">
<arg>xpath:${SVG_LOGO}</arg>
<doc>Click the element identified by ``locator``.</doc>
<msg timestamp="20220509 00:28:27.454" level="INFO">Clicking element 'xpath://a[@id='logo']//*[name()='svg']'.</msg>
<status status="PASS" starttime="20220509 00:28:27.453" endtime="20220509 00:28:28.732"/>
</kw>
<kw name="Title Should Be" library="SeleniumLibrary">
<arg>Sportovní oblečení a dresy - Jadberg</arg>
<doc>Verifies that the current page title equals ``title``.</doc>
<msg timestamp="20220509 00:28:28.896" level="INFO">Page title is 'Sportovní oblečení a dresy - Jadberg'.</msg>
<status status="PASS" starttime="20220509 00:28:28.732" endtime="20220509 00:28:28.897"/>
</kw>
<status status="PASS" starttime="20220509 00:28:27.453" endtime="20220509 00:28:28.897"/>
</kw>
<doc>Testing upper slide show. Testing 2 buttons, then testing if link is working</doc>
<status status="PASS" starttime="20220509 00:28:22.288" endtime="20220509 00:28:28.897"/>
</test>
<test id="s1-s1-t3" name="TC_003 : Test_Accept_Cookies" line="26">
<kw name="Click_OK_cookie" library="resources">
<kw name="Wait Until Element Is Enabled" library="SeleniumLibrary">
<arg>xpath:${COOKIE_OK}</arg>
<doc>Waits until the element ``locator`` is enabled.</doc>
<status status="PASS" starttime="20220509 00:28:28.898" endtime="20220509 00:28:29.280"/>
</kw>
<kw name="Wait Until Element Is Visible" library="SeleniumLibrary">
<arg>xpath:${COOKIE_OK}</arg>
<doc>Waits until the element ``locator`` is visible.</doc>
<status status="PASS" starttime="20220509 00:28:29.280" endtime="20220509 00:28:29.508"/>
</kw>
<kw name="Click Link" library="SeleniumLibrary">
<arg>xpath:${COOKIE_OK}</arg>
<doc>Clicks a link identified by ``locator``.</doc>
<msg timestamp="20220509 00:28:29.509" level="INFO">Clicking link 'xpath:/html/body/div[3]/div/div/a[2]'.</msg>
<status status="PASS" starttime="20220509 00:28:29.508" endtime="20220509 00:28:29.877"/>
</kw>
<status status="PASS" starttime="20220509 00:28:28.898" endtime="20220509 00:28:29.877"/>
</kw>
<doc>Accepting cookies and testing if value is visible</doc>
<status status="PASS" starttime="20220509 00:28:28.897" endtime="20220509 00:28:29.877"/>
</test>
<test id="s1-s1-t4" name="TC_004 : Test_MainPage_Action_Pictures" line="31">
<kw name="Click_Link_Title_Should_Be" library="resources">
<arg>${LINK_ACTION_CARDIGANS}</arg>
<arg>${TITLE_CARDIGANS}</arg>
<kw name="Click Link" library="SeleniumLibrary">
<arg>xpath:${navigation_path}</arg>
<doc>Clicks a link identified by ``locator``.</doc>
<msg timestamp="20220509 00:28:29.879" level="INFO">Clicking link 'xpath:/html/body/div[7]/div[5]/div[1]/div/div[1]/a'.</msg>
<status status="PASS" starttime="20220509 00:28:29.878" endtime="20220509 00:28:31.326"/>
</kw>
<kw name="Title Should Be" library="SeleniumLibrary">
<arg>${title}</arg>
<doc>Verifies that the current page title equals ``title``.</doc>
<msg timestamp="20220509 00:28:31.435" level="INFO">Page title is 'Kabáty a kardigany - Jadberg'.</msg>
<status status="PASS" starttime="20220509 00:28:31.326" endtime="20220509 00:28:31.435"/>
</kw>
<status status="PASS" starttime="20220509 00:28:29.878" endtime="20220509 00:28:31.436"/>
</kw>
<kw name="Capture Page Screenshot" library="SeleniumLibrary">
<doc>Takes a screenshot of the current page and embeds it into a log file.</doc>
<msg timestamp="20220509 00:28:32.037" level="INFO" html="true">&lt;/td&gt;&lt;/tr&gt;&lt;tr&gt;&lt;td colspan="3"&gt;&lt;a href="../SCREENSHOTS/SCREENSHOTS%20-%20Main%20Page/selenium-screenshot-4.png"&gt;&lt;img src="../SCREENSHOTS/SCREENSHOTS%20-%20Main%20Page/selenium-screenshot-4.png" width="800px"&gt;&lt;/a&gt;</msg>
<status status="PASS" starttime="20220509 00:28:31.436" endtime="20220509 00:28:32.038"/>
</kw>
<kw name="Click_Logo" library="resources">
<kw name="Click Element" library="SeleniumLibrary">
<arg>xpath:${SVG_LOGO}</arg>
<doc>Click the element identified by ``locator``.</doc>
<msg timestamp="20220509 00:28:32.038" level="INFO">Clicking element 'xpath://a[@id='logo']//*[name()='svg']'.</msg>
<status status="PASS" starttime="20220509 00:28:32.038" endtime="20220509 00:28:33.138"/>
</kw>
<kw name="Title Should Be" library="SeleniumLibrary">
<arg>Sportovní oblečení a dresy - Jadberg</arg>
<doc>Verifies that the current page title equals ``title``.</doc>
<msg timestamp="20220509 00:28:33.287" level="INFO">Page title is 'Sportovní oblečení a dresy - Jadberg'.</msg>
<status status="PASS" starttime="20220509 00:28:33.138" endtime="20220509 00:28:33.288"/>
</kw>
<status status="PASS" starttime="20220509 00:28:32.038" endtime="20220509 00:28:33.288"/>
</kw>
<doc>Testing action section and one link, checking if title matches the action</doc>
<status status="PASS" starttime="20220509 00:28:29.878" endtime="20220509 00:28:33.288"/>
</test>
<test id="s1-s1-t5" name="TC_005 : Test_MainPage_Bottom_SlideShow" line="38">
<kw name="Click Button" library="SeleniumLibrary">
<arg>xpath:${BUTTON_BOT_SLIDESHOW_1}</arg>
<doc>Clicks the button identified by ``locator``.</doc>
<msg timestamp="20220509 00:28:33.289" level="INFO">Clicking button 'xpath:/html/body/div[7]/div[5]/div[2]/div[3]/div[1]/ul/li[1]/button'.</msg>
<status status="PASS" starttime="20220509 00:28:33.289" endtime="20220509 00:28:33.958"/>
</kw>
<kw name="Click Button" library="SeleniumLibrary">
<arg>xpath:${BUTTON_BOT_SLIDESHOW_3}</arg>
<doc>Clicks the button identified by ``locator``.</doc>
<msg timestamp="20220509 00:28:33.958" level="INFO">Clicking button 'xpath:/html/body/div[7]/div[5]/div[2]/div[3]/div[1]/ul/li[3]/button'.</msg>
<status status="PASS" starttime="20220509 00:28:33.958" endtime="20220509 00:28:34.531"/>
</kw>
<kw name="Click_Link_Title_Should_Be" library="resources">
<arg>${LINK_BOT_READ_MORE}</arg>
<arg>${LEGIN_TITLE}</arg>
<kw name="Click Link" library="SeleniumLibrary">
<arg>xpath:${navigation_path}</arg>
<doc>Clicks a link identified by ``locator``.</doc>
<msg timestamp="20220509 00:28:34.532" level="INFO">Clicking link 'xpath:/html/body/div[7]/div[5]/div[2]/div[3]/div[1]/div/div/div[4]/div[2]/a'.</msg>
<status status="PASS" starttime="20220509 00:28:34.532" endtime="20220509 00:28:35.555"/>
</kw>
<kw name="Title Should Be" library="SeleniumLibrary">
<arg>${title}</arg>
<doc>Verifies that the current page title equals ``title``.</doc>
<msg timestamp="20220509 00:28:35.661" level="INFO">Page title is 'Legíny Jadberg - Jadberg'.</msg>
<status status="PASS" starttime="20220509 00:28:35.555" endtime="20220509 00:28:35.661"/>
</kw>
<status status="PASS" starttime="20220509 00:28:34.531" endtime="20220509 00:28:35.661"/>
</kw>
<kw name="Capture Page Screenshot" library="SeleniumLibrary">
<doc>Takes a screenshot of the current page and embeds it into a log file.</doc>
<msg timestamp="20220509 00:28:36.526" level="INFO" html="true">&lt;/td&gt;&lt;/tr&gt;&lt;tr&gt;&lt;td colspan="3"&gt;&lt;a href="../SCREENSHOTS/SCREENSHOTS%20-%20Main%20Page/selenium-screenshot-5.png"&gt;&lt;img src="../SCREENSHOTS/SCREENSHOTS%20-%20Main%20Page/selenium-screenshot-5.png" width="800px"&gt;&lt;/a&gt;</msg>
<status status="PASS" starttime="20220509 00:28:35.661" endtime="20220509 00:28:36.526"/>
</kw>
<kw name="Click_Logo" library="resources">
<kw name="Click Element" library="SeleniumLibrary">
<arg>xpath:${SVG_LOGO}</arg>
<doc>Click the element identified by ``locator``.</doc>
<msg timestamp="20220509 00:28:36.526" level="INFO">Clicking element 'xpath://a[@id='logo']//*[name()='svg']'.</msg>
<status status="PASS" starttime="20220509 00:28:36.526" endtime="20220509 00:28:37.638"/>
</kw>
<kw name="Title Should Be" library="SeleniumLibrary">
<arg>Sportovní oblečení a dresy - Jadberg</arg>
<doc>Verifies that the current page title equals ``title``.</doc>
<msg timestamp="20220509 00:28:37.787" level="INFO">Page title is 'Sportovní oblečení a dresy - Jadberg'.</msg>
<status status="PASS" starttime="20220509 00:28:37.638" endtime="20220509 00:28:37.787"/>
</kw>
<status status="PASS" starttime="20220509 00:28:36.526" endtime="20220509 00:28:37.787"/>
</kw>
<doc>Testing bottom slideshow, checking if title is right</doc>
<status status="PASS" starttime="20220509 00:28:33.288" endtime="20220509 00:28:37.788"/>
</test>
<test id="s1-s1-t6" name="TC_006 : Test_MainPage_Bottom_Block" line="47">
<kw name="Click_Link_Title_Should_Be" library="resources">
<arg>${LINK_JDB_LAB}</arg>
<arg>${LAB_TITLE}</arg>
<kw name="Click Link" library="SeleniumLibrary">
<arg>xpath:${navigation_path}</arg>
<doc>Clicks a link identified by ``locator``.</doc>
<msg timestamp="20220509 00:28:37.789" level="INFO">Clicking link 'xpath:/html/body/div[9]/div/div[1]/div[1]/a'.</msg>
<status status="PASS" starttime="20220509 00:28:37.789" endtime="20220509 00:28:39.171"/>
</kw>
<kw name="Title Should Be" library="SeleniumLibrary">
<arg>${title}</arg>
<doc>Verifies that the current page title equals ``title``.</doc>
<msg timestamp="20220509 00:28:39.281" level="INFO">Page title is 'Jadberg LAB - Jadberg'.</msg>
<status status="PASS" starttime="20220509 00:28:39.172" endtime="20220509 00:28:39.281"/>
</kw>
<status status="PASS" starttime="20220509 00:28:37.788" endtime="20220509 00:28:39.283"/>
</kw>
<kw name="Capture Page Screenshot" library="SeleniumLibrary">
<doc>Takes a screenshot of the current page and embeds it into a log file.</doc>
<msg timestamp="20220509 00:28:39.815" level="INFO" html="true">&lt;/td&gt;&lt;/tr&gt;&lt;tr&gt;&lt;td colspan="3"&gt;&lt;a href="../SCREENSHOTS/SCREENSHOTS%20-%20Main%20Page/selenium-screenshot-6.png"&gt;&lt;img src="../SCREENSHOTS/SCREENSHOTS%20-%20Main%20Page/selenium-screenshot-6.png" width="800px"&gt;&lt;/a&gt;</msg>
<status status="PASS" starttime="20220509 00:28:39.283" endtime="20220509 00:28:39.815"/>
</kw>
<kw name="Click_Logo" library="resources">
<kw name="Click Element" library="SeleniumLibrary">
<arg>xpath:${SVG_LOGO}</arg>
<doc>Click the element identified by ``locator``.</doc>
<msg timestamp="20220509 00:28:39.816" level="INFO">Clicking element 'xpath://a[@id='logo']//*[name()='svg']'.</msg>
<status status="PASS" starttime="20220509 00:28:39.816" endtime="20220509 00:28:41.064"/>
</kw>
<kw name="Title Should Be" library="SeleniumLibrary">
<arg>Sportovní oblečení a dresy - Jadberg</arg>
<doc>Verifies that the current page title equals ``title``.</doc>
<msg timestamp="20220509 00:28:41.229" level="INFO">Page title is 'Sportovní oblečení a dresy - Jadberg'.</msg>
<status status="PASS" starttime="20220509 00:28:41.064" endtime="20220509 00:28:41.229"/>
</kw>
<status status="PASS" starttime="20220509 00:28:39.816" endtime="20220509 00:28:41.229"/>
</kw>
<kw name="Click_Link_Title_Should_Be" library="resources">
<arg>${LINK_JDB_BLOG}</arg>
<arg>${BLOG_TITLE}</arg>
<kw name="Click Link" library="SeleniumLibrary">
<arg>xpath:${navigation_path}</arg>
<doc>Clicks a link identified by ``locator``.</doc>
<msg timestamp="20220509 00:28:41.231" level="INFO">Clicking link 'xpath:/html/body/div[9]/div/div[1]/div[2]/a'.</msg>
<status status="PASS" starttime="20220509 00:28:41.230" endtime="20220509 00:28:42.664"/>
</kw>
<kw name="Title Should Be" library="SeleniumLibrary">
<arg>${title}</arg>
<doc>Verifies that the current page title equals ``title``.</doc>
<msg timestamp="20220509 00:28:42.774" level="INFO">Page title is 'Jadberg bloguje - Jadberg'.</msg>
<status status="PASS" starttime="20220509 00:28:42.664" endtime="20220509 00:28:42.774"/>
</kw>
<status status="PASS" starttime="20220509 00:28:41.230" endtime="20220509 00:28:42.774"/>
</kw>
<kw name="Capture Page Screenshot" library="SeleniumLibrary">
<doc>Takes a screenshot of the current page and embeds it into a log file.</doc>
<msg timestamp="20220509 00:28:43.458" level="INFO" html="true">&lt;/td&gt;&lt;/tr&gt;&lt;tr&gt;&lt;td colspan="3"&gt;&lt;a href="../SCREENSHOTS/SCREENSHOTS%20-%20Main%20Page/selenium-screenshot-7.png"&gt;&lt;img src="../SCREENSHOTS/SCREENSHOTS%20-%20Main%20Page/selenium-screenshot-7.png" width="800px"&gt;&lt;/a&gt;</msg>
<status status="PASS" starttime="20220509 00:28:42.774" endtime="20220509 00:28:43.458"/>
</kw>
<kw name="Click_Logo" library="resources">
<kw name="Click Element" library="SeleniumLibrary">
<arg>xpath:${SVG_LOGO}</arg>
<doc>Click the element identified by ``locator``.</doc>
<msg timestamp="20220509 00:28:43.459" level="INFO">Clicking element 'xpath://a[@id='logo']//*[name()='svg']'.</msg>
<status status="PASS" starttime="20220509 00:28:43.458" endtime="20220509 00:28:44.704"/>
</kw>
<kw name="Title Should Be" library="SeleniumLibrary">
<arg>Sportovní oblečení a dresy - Jadberg</arg>
<doc>Verifies that the current page title equals ``title``.</doc>
<msg timestamp="20220509 00:28:44.862" level="INFO">Page title is 'Sportovní oblečení a dresy - Jadberg'.</msg>
<status status="PASS" starttime="20220509 00:28:44.704" endtime="20220509 00:28:44.862"/>
</kw>
<status status="PASS" starttime="20220509 00:28:43.458" endtime="20220509 00:28:44.862"/>
</kw>
<doc>Testing bottom green block section. Testing links and checking their title</doc>
<status status="PASS" starttime="20220509 00:28:37.788" endtime="20220509 00:28:44.862"/>
</test>
<test id="s1-s1-t7" name="TC_007 : Test_MainPage_Bottom_Links" line="57">
<kw name="Click_Link_Title_Should_Be" library="resources">
<arg>${LINK_HEADER_BOT}</arg>
<arg>${TITLE_ALL_ABOUT}</arg>
<kw name="Click Link" library="SeleniumLibrary">
<arg>xpath:${navigation_path}</arg>
<doc>Clicks a link identified by ``locator``.</doc>
<msg timestamp="20220509 00:28:44.863" level="INFO">Clicking link 'xpath:/html/body/div[9]/div/div[3]/div[1]/div/div[3]/h3/a'.</msg>
<status status="PASS" starttime="20220509 00:28:44.863" endtime="20220509 00:28:45.790"/>
</kw>
<kw name="Title Should Be" library="SeleniumLibrary">
<arg>${title}</arg>
<doc>Verifies that the current page title equals ``title``.</doc>
<msg timestamp="20220509 00:28:45.896" level="INFO">Page title is 'Vše o nákupu - Jadberg'.</msg>
<status status="PASS" starttime="20220509 00:28:45.790" endtime="20220509 00:28:45.896"/>
</kw>
<status status="PASS" starttime="20220509 00:28:44.863" endtime="20220509 00:28:45.897"/>
</kw>
<kw name="Capture Page Screenshot" library="SeleniumLibrary">
<doc>Takes a screenshot of the current page and embeds it into a log file.</doc>
<msg timestamp="20220509 00:28:46.181" level="INFO" html="true">&lt;/td&gt;&lt;/tr&gt;&lt;tr&gt;&lt;td colspan="3"&gt;&lt;a href="../SCREENSHOTS/SCREENSHOTS%20-%20Main%20Page/selenium-screenshot-8.png"&gt;&lt;img src="../SCREENSHOTS/SCREENSHOTS%20-%20Main%20Page/selenium-screenshot-8.png" width="800px"&gt;&lt;/a&gt;</msg>
<status status="PASS" starttime="20220509 00:28:45.897" endtime="20220509 00:28:46.181"/>
</kw>
<kw name="Click_Logo" library="resources">
<kw name="Click Element" library="SeleniumLibrary">
<arg>xpath:${SVG_LOGO}</arg>
<doc>Click the element identified by ``locator``.</doc>
<msg timestamp="20220509 00:28:46.182" level="INFO">Clicking element 'xpath://a[@id='logo']//*[name()='svg']'.</msg>
<status status="PASS" starttime="20220509 00:28:46.182" endtime="20220509 00:28:47.352"/>
</kw>
<kw name="Title Should Be" library="SeleniumLibrary">
<arg>Sportovní oblečení a dresy - Jadberg</arg>
<doc>Verifies that the current page title equals ``title``.</doc>
<msg timestamp="20220509 00:28:47.502" level="INFO">Page title is 'Sportovní oblečení a dresy - Jadberg'.</msg>
<status status="PASS" starttime="20220509 00:28:47.352" endtime="20220509 00:28:47.502"/>
</kw>
<status status="PASS" starttime="20220509 00:28:46.181" endtime="20220509 00:28:47.502"/>
</kw>
<kw name="Click_Link_Title_Should_Be" library="resources">
<arg>${LINK_BOT_CONDITIONS}</arg>
<arg>${TITLE_CONDITIONS}</arg>
<kw name="Click Link" library="SeleniumLibrary">
<arg>xpath:${navigation_path}</arg>
<doc>Clicks a link identified by ``locator``.</doc>
<msg timestamp="20220509 00:28:47.503" level="INFO">Clicking link 'xpath:/html/body/div[9]/div/div[3]/div[1]/div/div[4]/ul/li[2]/a'.</msg>
<status status="PASS" starttime="20220509 00:28:47.503" endtime="20220509 00:28:49.254"/>
</kw>
<kw name="Title Should Be" library="SeleniumLibrary">
<arg>${title}</arg>
<doc>Verifies that the current page title equals ``title``.</doc>
<msg timestamp="20220509 00:28:49.363" level="INFO">Page title is 'Podmínky spolupráce - Jadberg'.</msg>
<status status="PASS" starttime="20220509 00:28:49.254" endtime="20220509 00:28:49.363"/>
</kw>
<status status="PASS" starttime="20220509 00:28:47.502" endtime="20220509 00:28:49.363"/>
</kw>
<kw name="Capture Page Screenshot" library="SeleniumLibrary">
<doc>Takes a screenshot of the current page and embeds it into a log file.</doc>
<msg timestamp="20220509 00:28:49.663" level="INFO" html="true">&lt;/td&gt;&lt;/tr&gt;&lt;tr&gt;&lt;td colspan="3"&gt;&lt;a href="../SCREENSHOTS/SCREENSHOTS%20-%20Main%20Page/selenium-screenshot-9.png"&gt;&lt;img src="../SCREENSHOTS/SCREENSHOTS%20-%20Main%20Page/selenium-screenshot-9.png" width="800px"&gt;&lt;/a&gt;</msg>
<status status="PASS" starttime="20220509 00:28:49.363" endtime="20220509 00:28:49.663"/>
</kw>
<kw name="Click_Logo" library="resources">
<kw name="Click Element" library="SeleniumLibrary">
<arg>xpath:${SVG_LOGO}</arg>
<doc>Click the element identified by ``locator``.</doc>
<msg timestamp="20220509 00:28:49.664" level="INFO">Clicking element 'xpath://a[@id='logo']//*[name()='svg']'.</msg>
<status status="PASS" starttime="20220509 00:28:49.663" endtime="20220509 00:28:50.845"/>
</kw>
<kw name="Title Should Be" library="SeleniumLibrary">
<arg>Sportovní oblečení a dresy - Jadberg</arg>
<doc>Verifies that the current page title equals ``title``.</doc>
<msg timestamp="20220509 00:28:51.004" level="INFO">Page title is 'Sportovní oblečení a dresy - Jadberg'.</msg>
<status status="PASS" starttime="20220509 00:28:50.845" endtime="20220509 00:28:51.004"/>
</kw>
<status status="PASS" starttime="20220509 00:28:49.663" endtime="20220509 00:28:51.004"/>
</kw>
<kw name="Click_Link_Title_Should_Be" library="resources">
<arg>${LINK_BOT_CONTACTS}</arg>
<arg>${TITLE_ALL_ABOUT}</arg>
<kw name="Click Link" library="SeleniumLibrary">
<arg>xpath:${navigation_path}</arg>
<doc>Clicks a link identified by ``locator``.</doc>
<msg timestamp="20220509 00:28:51.005" level="INFO">Clicking link 'xpath:/html/body/div[9]/div/div[3]/div[1]/div/div[3]/ul/li[7]/a'.</msg>
<status status="PASS" starttime="20220509 00:28:51.005" endtime="20220509 00:28:52.174"/>
</kw>
<kw name="Title Should Be" library="SeleniumLibrary">
<arg>${title}</arg>
<doc>Verifies that the current page title equals ``title``.</doc>
<msg timestamp="20220509 00:28:52.282" level="INFO">Page title is 'Vše o nákupu - Jadberg'.</msg>
<status status="PASS" starttime="20220509 00:28:52.174" endtime="20220509 00:28:52.282"/>
</kw>
<status status="PASS" starttime="20220509 00:28:51.005" endtime="20220509 00:28:52.283"/>
</kw>
<kw name="Capture Page Screenshot" library="SeleniumLibrary">
<doc>Takes a screenshot of the current page and embeds it into a log file.</doc>
<msg timestamp="20220509 00:28:52.567" level="INFO" html="true">&lt;/td&gt;&lt;/tr&gt;&lt;tr&gt;&lt;td colspan="3"&gt;&lt;a href="../SCREENSHOTS/SCREENSHOTS%20-%20Main%20Page/selenium-screenshot-10.png"&gt;&lt;img src="../SCREENSHOTS/SCREENSHOTS%20-%20Main%20Page/selenium-screenshot-10.png" width="800px"&gt;&lt;/a&gt;</msg>
<status status="PASS" starttime="20220509 00:28:52.283" endtime="20220509 00:28:52.567"/>
</kw>
<kw name="Click_Logo" library="resources">
<kw name="Click Element" library="SeleniumLibrary">
<arg>xpath:${SVG_LOGO}</arg>
<doc>Click the element identified by ``locator``.</doc>
<msg timestamp="20220509 00:28:52.568" level="INFO">Clicking element 'xpath://a[@id='logo']//*[name()='svg']'.</msg>
<status status="PASS" starttime="20220509 00:28:52.568" endtime="20220509 00:28:53.782"/>
</kw>
<kw name="Title Should Be" library="SeleniumLibrary">
<arg>Sportovní oblečení a dresy - Jadberg</arg>
<doc>Verifies that the current page title equals ``title``.</doc>
<msg timestamp="20220509 00:28:53.946" level="INFO">Page title is 'Sportovní oblečení a dresy - Jadberg'.</msg>
<status status="PASS" starttime="20220509 00:28:53.782" endtime="20220509 00:28:53.947"/>
</kw>
<status status="PASS" starttime="20220509 00:28:52.568" endtime="20220509 00:28:53.947"/>
</kw>
<kw name="Close Browser" library="SeleniumLibrary" type="TEARDOWN">
<doc>Closes the current browser.</doc>
<status status="PASS" starttime="20220509 00:28:53.947" endtime="20220509 00:28:54.111"/>
</kw>
<doc>Testing bottom links.</doc>
<status status="PASS" starttime="20220509 00:28:44.863" endtime="20220509 00:28:54.111"/>
</test>
<doc>Tests set of mainpage. Clicking on slideshows and other stuff</doc>
<status status="PASS" starttime="20220509 00:28:15.589" endtime="20220509 00:28:54.111"/>
</suite>
<suite id="s1-s2" name="TS 002 - Login" source="/Users/filipjadrnicek/UTB/AP4TS/Projekt_TS/Automatization/Tests/TS_002 - Login.robot">
<test id="s1-s2-t1" name="TC_001 : Test_Login_Empty" line="11">
<kw name="Set Screenshot Directory" library="SeleniumLibrary">
<arg>../SCREENSHOTS/SCREENSHOTS - Login</arg>
<doc>Sets the directory for captured screenshots.</doc>
<status status="PASS" starttime="20220509 00:28:54.118" endtime="20220509 00:28:54.118"/>
</kw>
<kw name="Open_Browser_and_url" library="resources">
<doc>Openin browser, maximizing window and checking if title is correct</doc>
<kw name="Open Browser" library="SeleniumLibrary">
<arg>${url}</arg>
<arg>${browser}</arg>
<doc>Opens a new browser instance to the optional ``url``.</doc>
<msg timestamp="20220509 00:28:54.119" level="INFO">Opening browser 'Chrome' to base url 'https://www.jadberg.eu/'.</msg>
<status status="PASS" starttime="20220509 00:28:54.119" endtime="20220509 00:28:58.247"/>
</kw>
<kw name="Maximize Browser Window" library="SeleniumLibrary">
<doc>Maximizes current browser window.</doc>
<status status="PASS" starttime="20220509 00:28:58.248" endtime="20220509 00:28:59.335"/>
</kw>
<kw name="Title Should Be" library="SeleniumLibrary">
<arg>Sportovní oblečení a dresy - Jadberg</arg>
<doc>Verifies that the current page title equals ``title``.</doc>
<msg timestamp="20220509 00:28:59.488" level="INFO">Page title is 'Sportovní oblečení a dresy - Jadberg'.</msg>
<status status="PASS" starttime="20220509 00:28:59.335" endtime="20220509 00:28:59.488"/>
</kw>
<status status="PASS" starttime="20220509 00:28:54.118" endtime="20220509 00:28:59.488"/>
</kw>
<kw name="Click Link" library="SeleniumLibrary">
<arg>xpath:${LINK_LOGIN_LOGO}</arg>
<doc>Clicks a link identified by ``locator``.</doc>
<msg timestamp="20220509 00:28:59.489" level="INFO">Clicking link 'xpath:/html/body/div[4]/div[2]/div[3]/ul/li/a'.</msg>
<status status="PASS" starttime="20220509 00:28:59.488" endtime="20220509 00:28:59.920"/>
</kw>
<kw name="Capture Page Screenshot" library="SeleniumLibrary">
<doc>Takes a screenshot of the current page and embeds it into a log file.</doc>
<msg timestamp="20220509 00:29:01.442" level="INFO" html="true">&lt;/td&gt;&lt;/tr&gt;&lt;tr&gt;&lt;td colspan="3"&gt;&lt;a href="../SCREENSHOTS/SCREENSHOTS%20-%20Login/selenium-screenshot-1.png"&gt;&lt;img src="../SCREENSHOTS/SCREENSHOTS%20-%20Login/selenium-screenshot-1.png" width="800px"&gt;&lt;/a&gt;</msg>
<status status="PASS" starttime="20220509 00:28:59.920" endtime="20220509 00:29:01.442"/>
</kw>
<kw name="Login_Input" library="resources">
<kw name="Input Text" library="SeleniumLibrary">
<arg>xpath:${INPUT_LOGIN_EMAIL}</arg>
<arg>${email}</arg>
<doc>Types the given ``text`` into the text field identified by ``locator``.</doc>
<msg timestamp="20220509 00:29:01.442" level="INFO">Typing text '' into text field 'xpath:/html/body/div[4]/div[2]/div[3]/div/div/form/table/tbody/tr[1]/td/input'.</msg>
<status status="PASS" starttime="20220509 00:29:01.442" endtime="20220509 00:29:01.941"/>
</kw>
<kw name="Input Text" library="SeleniumLibrary">
<arg>xpath:${INPUT_LOGIN_PASSWORD}</arg>
<arg>${password}</arg>
<doc>Types the given ``text`` into the text field identified by ``locator``.</doc>
<msg timestamp="20220509 00:29:01.941" level="INFO">Typing text '' into text field 'xpath:/html/body/div[4]/div[2]/div[3]/div/div/form/table/tbody/tr[2]/td/input'.</msg>
<status status="PASS" starttime="20220509 00:29:01.941" endtime="20220509 00:29:02.299"/>
</kw>
<kw name="Click Element" library="SeleniumLibrary">
<arg>xpath:${INPUT_LOGIN_LOGINBUT}</arg>
<doc>Click the element identified by ``locator``.</doc>
<msg timestamp="20220509 00:29:02.299" level="INFO">Clicking element 'xpath:/html/body/div[4]/div[2]/div[3]/div/div/form/table/tbody/tr[3]/td/input'.</msg>
<status status="PASS" starttime="20220509 00:29:02.299" endtime="20220509 00:29:02.560"/>
</kw>
<status status="PASS" starttime="20220509 00:29:01.442" endtime="20220509 00:29:02.560"/>
</kw>
<kw name="Alert Should Be Present" library="SeleniumLibrary">
<arg>Přihlašovací e-mail je nutné vyplnit.</arg>
<doc>Verifies that an alert is present and by default, accepts it.</doc>
<msg timestamp="20220509 00:29:02.561" level="INFO">HANDLE::&lt;class 'NoneType'&gt;::None</msg>
<status status="PASS" starttime="20220509 00:29:02.560" endtime="20220509 00:29:02.882"/>
</kw>
<kw name="Click Link" library="SeleniumLibrary">
<arg>xpath:${LINK_LOGIN_LOGO}</arg>
<doc>Clicks a link identified by ``locator``.</doc>
<msg timestamp="20220509 00:29:02.883" level="INFO">Clicking link 'xpath:/html/body/div[4]/div[2]/div[3]/ul/li/a'.</msg>
<status status="PASS" starttime="20220509 00:29:02.883" endtime="20220509 00:29:03.219"/>
</kw>
<doc>Clicking login button and trying empty input, checking alert</doc>
<status status="PASS" starttime="20220509 00:28:54.118" endtime="20220509 00:29:03.219"/>
</test>
<test id="s1-s2-t2" name="TC_002 : Test_Login_Invalid" line="22">
<kw name="Click Link" library="SeleniumLibrary">
<arg>xpath:${LINK_LOGIN_LOGO}</arg>
<doc>Clicks a link identified by ``locator``.</doc>
<msg timestamp="20220509 00:29:03.220" level="INFO">Clicking link 'xpath:/html/body/div[4]/div[2]/div[3]/ul/li/a'.</msg>
<status status="PASS" starttime="20220509 00:29:03.220" endtime="20220509 00:29:03.557"/>
</kw>
<kw name="Login_Input" library="resources">
<arg>${LOGIN_INPUT_EMAIL_1}</arg>
<arg>${LOGIN_INPUT_PASSWORD}</arg>
<kw name="Input Text" library="SeleniumLibrary">
<arg>xpath:${INPUT_LOGIN_EMAIL}</arg>
<arg>${email}</arg>
<doc>Types the given ``text`` into the text field identified by ``locator``.</doc>
<msg timestamp="20220509 00:29:03.558" level="INFO">Typing text 'honza.novak@seznam.cz' into text field 'xpath:/html/body/div[4]/div[2]/div[3]/div/div/form/table/tbody/tr[1]/td/input'.</msg>
<status status="PASS" starttime="20220509 00:29:03.558" endtime="20220509 00:29:03.951"/>
</kw>
<kw name="Input Text" library="SeleniumLibrary">
<arg>xpath:${INPUT_LOGIN_PASSWORD}</arg>
<arg>${password}</arg>
<doc>Types the given ``text`` into the text field identified by ``locator``.</doc>
<msg timestamp="20220509 00:29:03.952" level="INFO">Typing text 'heslo123' into text field 'xpath:/html/body/div[4]/div[2]/div[3]/div/div/form/table/tbody/tr[2]/td/input'.</msg>
<status status="PASS" starttime="20220509 00:29:03.951" endtime="20220509 00:29:04.319"/>
</kw>
<kw name="Click Element" library="SeleniumLibrary">
<arg>xpath:${INPUT_LOGIN_LOGINBUT}</arg>
<doc>Click the element identified by ``locator``.</doc>
<msg timestamp="20220509 00:29:04.319" level="INFO">Clicking element 'xpath:/html/body/div[4]/div[2]/div[3]/div/div/form/table/tbody/tr[3]/td/input'.</msg>
<status status="PASS" starttime="20220509 00:29:04.319" endtime="20220509 00:29:04.562"/>
</kw>
<status status="PASS" starttime="20220509 00:29:03.557" endtime="20220509 00:29:04.562"/>
</kw>
<kw name="Wait Until Element Is Visible" library="SeleniumLibrary">
<arg>xpath:${P_ELEMENT_LOGIN}</arg>
<doc>Waits until the element ``locator`` is visible.</doc>
<status status="PASS" starttime="20220509 00:29:04.563" endtime="20220509 00:29:04.790"/>
</kw>
<kw name="Element Should Contain" library="SeleniumLibrary">
<arg>xpath:${P_ELEMENT_LOGIN}</arg>
<arg>${INCORRECT_USERNAME_MSG}</arg>
<doc>Verifies that element ``locator`` contains text ``expected``.</doc>
<msg timestamp="20220509 00:29:05.018" level="INFO">Element 'xpath:/html/body/div[4]/div[2]/div[3]/div/div/p' contains text 'Incorrect username.'.</msg>
<status status="PASS" starttime="20220509 00:29:04.791" endtime="20220509 00:29:05.018"/>
</kw>
<kw name="Login_Input" library="resources">
<arg>${LOGIN_INPUT_EMAIL_2}</arg>
<arg>${LOGIN_INPUT_PASSWORD}</arg>
<kw name="Input Text" library="SeleniumLibrary">
<arg>xpath:${INPUT_LOGIN_EMAIL}</arg>
<arg>${email}</arg>
<doc>Types the given ``text`` into the text field identified by ``locator``.</doc>
<msg timestamp="20220509 00:29:05.019" level="INFO">Typing text 'petr.svoboda@gamil.com' into text field 'xpath:/html/body/div[4]/div[2]/div[3]/div/div/form/table/tbody/tr[1]/td/input'.</msg>
<status status="PASS" starttime="20220509 00:29:05.019" endtime="20220509 00:29:05.387"/>
</kw>
<kw name="Input Text" library="SeleniumLibrary">
<arg>xpath:${INPUT_LOGIN_PASSWORD}</arg>
<arg>${password}</arg>
<doc>Types the given ``text`` into the text field identified by ``locator``.</doc>
<msg timestamp="20220509 00:29:05.388" level="INFO">Typing text 'heslo123' into text field 'xpath:/html/body/div[4]/div[2]/div[3]/div/div/form/table/tbody/tr[2]/td/input'.</msg>
<status status="PASS" starttime="20220509 00:29:05.387" endtime="20220509 00:29:05.757"/>
</kw>
<kw name="Click Element" library="SeleniumLibrary">
<arg>xpath:${INPUT_LOGIN_LOGINBUT}</arg>
<doc>Click the element identified by ``locator``.</doc>
<msg timestamp="20220509 00:29:05.758" level="INFO">Clicking element 'xpath:/html/body/div[4]/div[2]/div[3]/div/div/form/table/tbody/tr[3]/td/input'.</msg>
<status status="PASS" starttime="20220509 00:29:05.757" endtime="20220509 00:29:06.002"/>
</kw>
<status status="PASS" starttime="20220509 00:29:05.018" endtime="20220509 00:29:06.002"/>
</kw>
<kw name="Wait Until Element Is Visible" library="SeleniumLibrary">
<arg>xpath:${P_ELEMENT_LOGIN}</arg>
<doc>Waits until the element ``locator`` is visible.</doc>
<msg timestamp="20220509 00:29:06.118" level="INFO">Suppressing StaleElementReferenceException from Selenium.</msg>
<status status="PASS" starttime="20220509 00:29:06.002" endtime="20220509 00:29:06.556"/>
</kw>
<kw name="Capture Page Screenshot" library="SeleniumLibrary">
<doc>Takes a screenshot of the current page and embeds it into a log file.</doc>
<msg timestamp="20220509 00:29:07.401" level="INFO" html="true">&lt;/td&gt;&lt;/tr&gt;&lt;tr&gt;&lt;td colspan="3"&gt;&lt;a href="../SCREENSHOTS/SCREENSHOTS%20-%20Login/selenium-screenshot-2.png"&gt;&lt;img src="../SCREENSHOTS/SCREENSHOTS%20-%20Login/selenium-screenshot-2.png" width="800px"&gt;&lt;/a&gt;</msg>
<status status="PASS" starttime="20220509 00:29:06.556" endtime="20220509 00:29:07.401"/>
</kw>
<kw name="Element Should Contain" library="SeleniumLibrary">
<arg>xpath:${P_ELEMENT_LOGIN}</arg>
<arg>${INCORRECT_USERNAME_MSG}</arg>
<doc>Verifies that element ``locator`` contains text ``expected``.</doc>
<msg timestamp="20220509 00:29:07.619" level="INFO">Element 'xpath:/html/body/div[4]/div[2]/div[3]/div/div/p' contains text 'Incorrect username.'.</msg>
<status status="PASS" starttime="20220509 00:29:07.401" endtime="20220509 00:29:07.619"/>
</kw>
<kw name="Login_Input" library="resources">
<arg>${LOGIN_INPUT_EMAIL_3}</arg>
<arg>${LOGIN_INPUT_PASSWORD}</arg>
<kw name="Input Text" library="SeleniumLibrary">
<arg>xpath:${INPUT_LOGIN_EMAIL}</arg>
<arg>${email}</arg>
<doc>Types the given ``text`` into the text field identified by ``locator``.</doc>
<msg timestamp="20220509 00:29:07.620" level="INFO">Typing text 'trombolo@rundanahonzu.pt' into text field 'xpath:/html/body/div[4]/div[2]/div[3]/div/div/form/table/tbody/tr[1]/td/input'.</msg>
<status status="PASS" starttime="20220509 00:29:07.619" endtime="20220509 00:29:07.988"/>
</kw>
<kw name="Input Text" library="SeleniumLibrary">
<arg>xpath:${INPUT_LOGIN_PASSWORD}</arg>
<arg>${password}</arg>
<doc>Types the given ``text`` into the text field identified by ``locator``.</doc>
<msg timestamp="20220509 00:29:07.989" level="INFO">Typing text 'heslo123' into text field 'xpath:/html/body/div[4]/div[2]/div[3]/div/div/form/table/tbody/tr[2]/td/input'.</msg>
<status status="PASS" starttime="20220509 00:29:07.988" endtime="20220509 00:29:08.355"/>
</kw>
<kw name="Click Element" library="SeleniumLibrary">
<arg>xpath:${INPUT_LOGIN_LOGINBUT}</arg>
<doc>Click the element identified by ``locator``.</doc>
<msg timestamp="20220509 00:29:08.355" level="INFO">Clicking element 'xpath:/html/body/div[4]/div[2]/div[3]/div/div/form/table/tbody/tr[3]/td/input'.</msg>
<status status="PASS" starttime="20220509 00:29:08.355" endtime="20220509 00:29:08.607"/>
</kw>
<status status="PASS" starttime="20220509 00:29:07.619" endtime="20220509 00:29:08.607"/>
</kw>
<kw name="Wait Until Element Is Visible" library="SeleniumLibrary">
<arg>xpath:${P_ELEMENT_LOGIN}</arg>
<doc>Waits until the element ``locator`` is visible.</doc>
<msg timestamp="20220509 00:29:08.726" level="INFO">Suppressing StaleElementReferenceException from Selenium.</msg>
<status status="PASS" starttime="20220509 00:29:08.607" endtime="20220509 00:29:09.157"/>
</kw>
<kw name="Element Should Contain" library="SeleniumLibrary">
<arg>xpath:${P_ELEMENT_LOGIN}</arg>
<arg>${INCORRECT_USERNAME_MSG}</arg>
<doc>Verifies that element ``locator`` contains text ``expected``.</doc>
<msg timestamp="20220509 00:29:09.390" level="INFO">Element 'xpath:/html/body/div[4]/div[2]/div[3]/div/div/p' contains text 'Incorrect username.'.</msg>
<status status="PASS" starttime="20220509 00:29:09.158" endtime="20220509 00:29:09.390"/>
</kw>
<kw name="Close Browser" library="SeleniumLibrary" type="TEARDOWN">
<doc>Closes the current browser.</doc>
<status status="PASS" starttime="20220509 00:29:09.391" endtime="20220509 00:29:09.552"/>
</kw>
<doc>Invalid login info</doc>
<status status="PASS" starttime="20220509 00:29:03.219" endtime="20220509 00:29:09.553"/>
</test>
<doc>Testing Login, mostly invalid logins</doc>
<status status="PASS" starttime="20220509 00:28:54.113" endtime="20220509 00:29:09.553"/>
</suite>
<suite id="s1-s3" name="TS 003 - Forgotten password" source="/Users/filipjadrnicek/UTB/AP4TS/Projekt_TS/Automatization/Tests/TS_003 - Forgotten password.robot">
<test id="s1-s3-t1" name="TC_001 : Test_Forgotten_Password_Nav" line="10">
<kw name="Set Selenium Speed" library="SeleniumLibrary">
<arg>0.1 seconds</arg>
<doc>Sets the delay that is waited after each Selenium command.</doc>
<status status="PASS" starttime="20220509 00:29:09.564" endtime="20220509 00:29:09.564"/>
</kw>
<kw name="Set Screenshot Directory" library="SeleniumLibrary">
<arg>../SCREENSHOTS/SCREENSHOTS - Forgotten Password</arg>
<doc>Sets the directory for captured screenshots.</doc>
<status status="PASS" starttime="20220509 00:29:09.564" endtime="20220509 00:29:09.565"/>
</kw>
<kw name="Open_Browser_and_url" library="resources">
<doc>Openin browser, maximizing window and checking if title is correct</doc>
<kw name="Open Browser" library="SeleniumLibrary">
<arg>${url}</arg>
<arg>${browser}</arg>
<doc>Opens a new browser instance to the optional ``url``.</doc>
<msg timestamp="20220509 00:29:09.565" level="INFO">Opening browser 'Chrome' to base url 'https://www.jadberg.eu/'.</msg>
<status status="PASS" starttime="20220509 00:29:09.565" endtime="20220509 00:29:13.516"/>
</kw>
<kw name="Maximize Browser Window" library="SeleniumLibrary">
<doc>Maximizes current browser window.</doc>
<status status="PASS" starttime="20220509 00:29:13.516" endtime="20220509 00:29:14.069"/>
</kw>
<kw name="Title Should Be" library="SeleniumLibrary">
<arg>Sportovní oblečení a dresy - Jadberg</arg>
<doc>Verifies that the current page title equals ``title``.</doc>
<msg timestamp="20220509 00:29:14.234" level="INFO">Page title is 'Sportovní oblečení a dresy - Jadberg'.</msg>
<status status="PASS" starttime="20220509 00:29:14.069" endtime="20220509 00:29:14.234"/>
</kw>
<status status="PASS" starttime="20220509 00:29:09.565" endtime="20220509 00:29:14.234"/>
</kw>
<kw name="Click Link" library="SeleniumLibrary">
<arg>xpath:${LINK_LOGIN_LOGO}</arg>
<doc>Clicks a link identified by ``locator``.</doc>
<msg timestamp="20220509 00:29:14.235" level="INFO">Clicking link 'xpath:/html/body/div[4]/div[2]/div[3]/ul/li/a'.</msg>
<status status="PASS" starttime="20220509 00:29:14.235" endtime="20220509 00:29:14.670"/>
</kw>
<kw name="Click_Link_Title_Should_Be" library="resources">
<arg>${LINK_FORGOTTEN_PASSWORD}</arg>
<arg>Zaslat ztracené heslo - Jadberg</arg>
<kw name="Click Link" library="SeleniumLibrary">
<arg>xpath:${navigation_path}</arg>
<doc>Clicks a link identified by ``locator``.</doc>
<msg timestamp="20220509 00:29:14.671" level="INFO">Clicking link 'xpath:/html/body/div[4]/div[2]/div[3]/div/div/ul/li[2]/a'.</msg>
<status status="PASS" starttime="20220509 00:29:14.671" endtime="20220509 00:29:15.441"/>
</kw>
<kw name="Title Should Be" library="SeleniumLibrary">
<arg>${title}</arg>
<doc>Verifies that the current page title equals ``title``.</doc>
<msg timestamp="20220509 00:29:15.548" level="INFO">Page title is 'Zaslat ztracené heslo - Jadberg'.</msg>
<status status="PASS" starttime="20220509 00:29:15.441" endtime="20220509 00:29:15.548"/>
</kw>
<status status="PASS" starttime="20220509 00:29:14.671" endtime="20220509 00:29:15.548"/>
</kw>
<kw name="Capture Page Screenshot" library="SeleniumLibrary">
<doc>Takes a screenshot of the current page and embeds it into a log file.</doc>
<msg timestamp="20220509 00:29:15.844" level="INFO" html="true">&lt;/td&gt;&lt;/tr&gt;&lt;tr&gt;&lt;td colspan="3"&gt;&lt;a href="../SCREENSHOTS/SCREENSHOTS%20-%20Forgotten%20Password/selenium-screenshot-1.png"&gt;&lt;img src="../SCREENSHOTS/SCREENSHOTS%20-%20Forgotten%20Password/selenium-screenshot-1.png" width="800px"&gt;&lt;/a&gt;</msg>
<status status="PASS" starttime="20220509 00:29:15.549" endtime="20220509 00:29:15.844"/>
</kw>
<kw name="Click_Logo" library="resources">
<kw name="Click Element" library="SeleniumLibrary">
<arg>xpath:${SVG_LOGO}</arg>
<doc>Click the element identified by ``locator``.</doc>
<msg timestamp="20220509 00:29:15.845" level="INFO">Clicking element 'xpath://a[@id='logo']//*[name()='svg']'.</msg>
<status status="PASS" starttime="20220509 00:29:15.845" endtime="20220509 00:29:16.969"/>
</kw>
<kw name="Title Should Be" library="SeleniumLibrary">
<arg>Sportovní oblečení a dresy - Jadberg</arg>
<doc>Verifies that the current page title equals ``title``.</doc>
<msg timestamp="20220509 00:29:17.128" level="INFO">Page title is 'Sportovní oblečení a dresy - Jadberg'.</msg>
<status status="PASS" starttime="20220509 00:29:16.969" endtime="20220509 00:29:17.128"/>
</kw>
<status status="PASS" starttime="20220509 00:29:15.844" endtime="20220509 00:29:17.128"/>
</kw>
<doc>Clicking on forgotten password form, checking if title matches, then coming back</doc>
<status status="PASS" starttime="20220509 00:29:09.564" endtime="20220509 00:29:17.128"/>
</test>
<test id="s1-s3-t2" name="TC_002 : Test_Forgotten_Password_Send_Empty" line="20">
<kw name="Click Link" library="SeleniumLibrary">
<arg>xpath:${LINK_LOGIN_LOGO}</arg>
<doc>Clicks a link identified by ``locator``.</doc>
<msg timestamp="20220509 00:29:17.129" level="INFO">Clicking link 'xpath:/html/body/div[4]/div[2]/div[3]/ul/li/a'.</msg>
<status status="PASS" starttime="20220509 00:29:17.129" endtime="20220509 00:29:17.556"/>
</kw>
<kw name="Click_Link_Title_Should_Be" library="resources">
<arg>${LINK_FORGOTTEN_PASSWORD}</arg>
<arg>Zaslat ztracené heslo - Jadberg</arg>
<kw name="Click Link" library="SeleniumLibrary">
<arg>xpath:${navigation_path}</arg>
<doc>Clicks a link identified by ``locator``.</doc>
<msg timestamp="20220509 00:29:17.556" level="INFO">Clicking link 'xpath:/html/body/div[4]/div[2]/div[3]/div/div/ul/li[2]/a'.</msg>
<status status="PASS" starttime="20220509 00:29:17.556" endtime="20220509 00:29:18.334"/>
</kw>
<kw name="Title Should Be" library="SeleniumLibrary">
<arg>${title}</arg>
<doc>Verifies that the current page title equals ``title``.</doc>
<msg timestamp="20220509 00:29:18.441" level="INFO">Page title is 'Zaslat ztracené heslo - Jadberg'.</msg>
<status status="PASS" starttime="20220509 00:29:18.334" endtime="20220509 00:29:18.441"/>
</kw>
<status status="PASS" starttime="20220509 00:29:17.556" endtime="20220509 00:29:18.442"/>
</kw>
<kw name="Input Text" library="SeleniumLibrary">
<arg>xpath:${INPUT_FORGOTTEN_PASSWORD}</arg>
<arg>\</arg>
<doc>Types the given ``text`` into the text field identified by ``locator``.</doc>
<msg timestamp="20220509 00:29:18.444" level="INFO">Typing text '' into text field 'xpath:/html/body/div[7]/div[2]/div/div/form/table/tbody/tr[1]/td/input'.</msg>
<status status="PASS" starttime="20220509 00:29:18.443" endtime="20220509 00:29:18.827"/>
</kw>
<kw name="Capture Page Screenshot" library="SeleniumLibrary">
<doc>Takes a screenshot of the current page and embeds it into a log file.</doc>
<msg timestamp="20220509 00:29:19.126" level="INFO" html="true">&lt;/td&gt;&lt;/tr&gt;&lt;tr&gt;&lt;td colspan="3"&gt;&lt;a href="../SCREENSHOTS/SCREENSHOTS%20-%20Forgotten%20Password/selenium-screenshot-2.png"&gt;&lt;img src="../SCREENSHOTS/SCREENSHOTS%20-%20Forgotten%20Password/selenium-screenshot-2.png" width="800px"&gt;&lt;/a&gt;</msg>
<status status="PASS" starttime="20220509 00:29:18.827" endtime="20220509 00:29:19.126"/>
</kw>
<kw name="Click Element" library="SeleniumLibrary">
<arg>xpath:${INPUT_FORGOTTEN_BUTTON_SEND}</arg>
<doc>Click the element identified by ``locator``.</doc>
<msg timestamp="20220509 00:29:19.127" level="INFO">Clicking element 'xpath:/html/body/div[7]/div[2]/div/div/form/table/tbody/tr[2]/td/input'.</msg>
<status status="PASS" starttime="20220509 00:29:19.126" endtime="20220509 00:29:19.382"/>
</kw>
<kw name="Alert Should Be Present" library="SeleniumLibrary">
<arg>Musíte zadat svůj e-mail ve správném tvaru.</arg>
<doc>Verifies that an alert is present and by default, accepts it.</doc>
<msg timestamp="20220509 00:29:19.383" level="INFO">HANDLE::&lt;class 'NoneType'&gt;::None</msg>
<status status="PASS" starttime="20220509 00:29:19.383" endtime="20220509 00:29:19.706"/>
</kw>
<kw name="Click_Logo" library="resources">
<kw name="Click Element" library="SeleniumLibrary">
<arg>xpath:${SVG_LOGO}</arg>
<doc>Click the element identified by ``locator``.</doc>
<msg timestamp="20220509 00:29:19.707" level="INFO">Clicking element 'xpath://a[@id='logo']//*[name()='svg']'.</msg>
<status status="PASS" starttime="20220509 00:29:19.706" endtime="20220509 00:29:20.945"/>
</kw>
<kw name="Title Should Be" library="SeleniumLibrary">
<arg>Sportovní oblečení a dresy - Jadberg</arg>
<doc>Verifies that the current page title equals ``title``.</doc>
<msg timestamp="20220509 00:29:21.129" level="INFO">Page title is 'Sportovní oblečení a dresy - Jadberg'.</msg>
<status status="PASS" starttime="20220509 00:29:20.945" endtime="20220509 00:29:21.129"/>
</kw>
<status status="PASS" starttime="20220509 00:29:19.706" endtime="20220509 00:29:21.129"/>
</kw>
<doc>Clicking on forgotten password and giving it an epmty input</doc>
<status status="PASS" starttime="20220509 00:29:17.129" endtime="20220509 00:29:21.130"/>
</test>
<test id="s1-s3-t3" name="TC_003 : Test_Forgotten_Password_Send_Invalid" line="31">
<kw name="Click Link" library="SeleniumLibrary">
<arg>xpath:${LINK_LOGIN_LOGO}</arg>
<doc>Clicks a link identified by ``locator``.</doc>
<msg timestamp="20220509 00:29:21.131" level="INFO">Clicking link 'xpath:/html/body/div[4]/div[2]/div[3]/ul/li/a'.</msg>
<status status="PASS" starttime="20220509 00:29:21.131" endtime="20220509 00:29:21.565"/>
</kw>
<kw name="Click_Link_Title_Should_Be" library="resources">
<arg>${LINK_FORGOTTEN_PASSWORD}</arg>
<arg>Zaslat ztracené heslo - Jadberg</arg>
<kw name="Click Link" library="SeleniumLibrary">
<arg>xpath:${navigation_path}</arg>
<doc>Clicks a link identified by ``locator``.</doc>
<msg timestamp="20220509 00:29:21.566" level="INFO">Clicking link 'xpath:/html/body/div[4]/div[2]/div[3]/div/div/ul/li[2]/a'.</msg>
<status status="PASS" starttime="20220509 00:29:21.566" endtime="20220509 00:29:22.253"/>
</kw>
<kw name="Title Should Be" library="SeleniumLibrary">
<arg>${title}</arg>
<doc>Verifies that the current page title equals ``title``.</doc>
<msg timestamp="20220509 00:29:22.362" level="INFO">Page title is 'Zaslat ztracené heslo - Jadberg'.</msg>
<status status="PASS" starttime="20220509 00:29:22.253" endtime="20220509 00:29:22.363"/>
</kw>
<status status="PASS" starttime="20220509 00:29:21.566" endtime="20220509 00:29:22.363"/>
</kw>
<kw name="Input Text" library="SeleniumLibrary">
<arg>xpath:${INPUT_FORGOTTEN_PASSWORD}</arg>
<arg>${RANDOM_EMAIL_CORRECT}</arg>
<doc>Types the given ``text`` into the text field identified by ``locator``.</doc>
<msg timestamp="20220509 00:29:22.366" level="INFO">Typing text 'trombolo@rundanahonzu.pt' into text field 'xpath:/html/body/div[7]/div[2]/div/div/form/table/tbody/tr[1]/td/input'.</msg>
<status status="PASS" starttime="20220509 00:29:22.364" endtime="20220509 00:29:22.774"/>
</kw>
<kw name="Capture Page Screenshot" library="SeleniumLibrary">
<doc>Takes a screenshot of the current page and embeds it into a log file.</doc>
<msg timestamp="20220509 00:29:23.066" level="INFO" html="true">&lt;/td&gt;&lt;/tr&gt;&lt;tr&gt;&lt;td colspan="3"&gt;&lt;a href="../SCREENSHOTS/SCREENSHOTS%20-%20Forgotten%20Password/selenium-screenshot-3.png"&gt;&lt;img src="../SCREENSHOTS/SCREENSHOTS%20-%20Forgotten%20Password/selenium-screenshot-3.png" width="800px"&gt;&lt;/a&gt;</msg>
<status status="PASS" starttime="20220509 00:29:22.775" endtime="20220509 00:29:23.066"/>
</kw>
<kw name="Click Element" library="SeleniumLibrary">
<arg>xpath:${INPUT_FORGOTTEN_BUTTON_SEND}</arg>
<doc>Click the element identified by ``locator``.</doc>
<msg timestamp="20220509 00:29:23.066" level="INFO">Clicking element 'xpath:/html/body/div[7]/div[2]/div/div/form/table/tbody/tr[2]/td/input'.</msg>
<status status="PASS" starttime="20220509 00:29:23.066" endtime="20220509 00:29:23.981"/>
</kw>
<kw name="Element Should Contain" library="SeleniumLibrary">
<arg>xpath:${PARAGRAPH_ERROR_MSG}</arg>
<arg>Účet se zadaným e-mailem neexistuje.</arg>
<doc>Verifies that element ``locator`` contains text ``expected``.</doc>
<msg timestamp="20220509 00:29:24.208" level="INFO">Element 'xpath:/html/body/div[7]/div[2]/div/p[1]' contains text 'Účet se zadaným e-mailem neexistuje.'.</msg>
<status status="PASS" starttime="20220509 00:29:23.981" endtime="20220509 00:29:24.209"/>
</kw>
<kw name="Capture Page Screenshot" library="SeleniumLibrary">
<doc>Takes a screenshot of the current page and embeds it into a log file.</doc>
<msg timestamp="20220509 00:29:24.507" level="INFO" html="true">&lt;/td&gt;&lt;/tr&gt;&lt;tr&gt;&lt;td colspan="3"&gt;&lt;a href="../SCREENSHOTS/SCREENSHOTS%20-%20Forgotten%20Password/selenium-screenshot-4.png"&gt;&lt;img src="../SCREENSHOTS/SCREENSHOTS%20-%20Forgotten%20Password/selenium-screenshot-4.png" width="800px"&gt;&lt;/a&gt;</msg>
<status status="PASS" starttime="20220509 00:29:24.209" endtime="20220509 00:29:24.507"/>
</kw>
<kw name="Click Element" library="SeleniumLibrary">
<arg>xpath:${INPUT_FORGOTTEN_BUTTON_SEND}</arg>
<doc>Click the element identified by ``locator``.</doc>
<msg timestamp="20220509 00:29:24.507" level="INFO">Clicking element 'xpath:/html/body/div[7]/div[2]/div/div/form/table/tbody/tr[2]/td/input'.</msg>
<status status="PASS" starttime="20220509 00:29:24.507" endtime="20220509 00:29:24.770"/>
</kw>
<kw name="Input Text" library="SeleniumLibrary">
<arg>xpath:${INPUT_FORGOTTEN_PASSWORD}</arg>
<arg>${RANDOM_EMAIL_INCORRECT}</arg>
<doc>Types the given ``text`` into the text field identified by ``locator``.</doc>
<msg timestamp="20220509 00:29:24.771" level="INFO">Typing text 'BadEmailStyle.cp' into text field 'xpath:/html/body/div[7]/div[2]/div/div/form/table/tbody/tr[1]/td/input'.</msg>
<msg timestamp="20220509 00:29:25.098" level="INFO" html="true">&lt;/td&gt;&lt;/tr&gt;&lt;tr&gt;&lt;td colspan="3"&gt;&lt;a href="../SCREENSHOTS/SCREENSHOTS%20-%20Forgotten%20Password/selenium-screenshot-5.png"&gt;&lt;img src="../SCREENSHOTS/SCREENSHOTS%20-%20Forgotten%20Password/selenium-screenshot-5.png" width="800px"&gt;&lt;/a&gt;</msg>
<msg timestamp="20220509 00:29:25.099" level="FAIL">UnexpectedAlertPresentException: Alert Text: Musíte zadat svůj e-mail ve správném tvaru.
Message: unexpected alert open: {Alert text : Musíte zadat svůj e-mail ve správném tvaru.}
  (Session info: chrome=101.0.4951.54)
Stacktrace:
0   chromedriver                        0x00000001045a3c34 chromedriver + 4406324
1   chromedriver                        0x000000010453d290 chromedriver + 3986064
2   chromedriver                        0x000000010419e84c chromedriver + 190540
3   chromedriver                        0x00000001041f6568 chromedriver + 550248
4   chromedriver                        0x00000001041c2864 chromedriver + 338020
5   chromedriver                        0x0000000104569320 chromedriver + 4166432
6   chromedriver                        0x000000010457e748 chromedriver + 4253512
7   chromedriver                        0x0000000104582cbc chromedriver + 4271292
8   chromedriver                        0x000000010457f004 chromedriver + 4255748
9   chromedriver                        0x000000010455f08c chromedriver + 4124812
10  chromedriver                        0x0000000104596bf8 chromedriver + 4353016
11  chromedriver                        0x0000000104596d5c chromedriver + 4353372
12  chromedriver                        0x00000001045aa438 chromedriver + 4432952
13  libsystem_pthread.dylib             0x000000018dd9226c _pthread_start + 148
14  libsystem_pthread.dylib             0x000000018dd8d08c thread_start + 8
</msg>
<status status="FAIL" starttime="20220509 00:29:24.771" endtime="20220509 00:29:25.102"/>
</kw>
<kw name="Capture Page Screenshot" library="SeleniumLibrary">
<doc>Takes a screenshot of the current page and embeds it into a log file.</doc>
<status status="NOT RUN" starttime="20220509 00:29:25.102" endtime="20220509 00:29:25.102"/>
</kw>
<kw name="Click Element" library="SeleniumLibrary">
<arg>xpath:${INPUT_FORGOTTEN_BUTTON_SEND}</arg>
<doc>Click the element identified by ``locator``.</doc>
<status status="NOT RUN" starttime="20220509 00:29:25.102" endtime="20220509 00:29:25.102"/>
</kw>
<kw name="Alert Should Be Present" library="SeleniumLibrary">
<arg>Musíte zadat svůj e-mail ve správném tvaru.</arg>
<doc>Verifies that an alert is present and by default, accepts it.</doc>
<status status="NOT RUN" starttime="20220509 00:29:25.102" endtime="20220509 00:29:25.102"/>
</kw>
<kw name="Click_Logo" library="resources">
<status status="NOT RUN" starttime="20220509 00:29:25.103" endtime="20220509 00:29:25.103"/>
</kw>
<kw name="Close Browser" library="SeleniumLibrary" type="TEARDOWN">
<doc>Closes the current browser.</doc>
<status status="PASS" starttime="20220509 00:29:25.103" endtime="20220509 00:29:25.263"/>
</kw>
<doc>Clicking on forgotten password and giving it input of not registered email, IDK why Alert Should Be Present is just popping out errors</doc>
<status status="FAIL" starttime="20220509 00:29:21.130" endtime="20220509 00:29:25.263">UnexpectedAlertPresentException: Alert Text: Musíte zadat svůj e-mail ve správném tvaru.
Message: unexpected alert open: {Alert text : Musíte zadat svůj e-mail ve správném tvaru.}
  (Session info: chrome=101.0.4951.54)
Stacktrace:
0   chromedriver                        0x00000001045a3c34 chromedriver + 4406324
1   chromedriver                        0x000000010453d290 chromedriver + 3986064
2   chromedriver                        0x000000010419e84c chromedriver + 190540
3   chromedriver                        0x00000001041f6568 chromedriver + 550248
4   chromedriver                        0x00000001041c2864 chromedriver + 338020
5   chromedriver                        0x0000000104569320 chromedriver + 4166432
6   chromedriver                        0x000000010457e748 chromedriver + 4253512
7   chromedriver                        0x0000000104582cbc chromedriver + 4271292
8   chromedriver                        0x000000010457f004 chromedriver + 4255748
9   chromedriver                        0x000000010455f08c chromedriver + 4124812
10  chromedriver                        0x0000000104596bf8 chromedriver + 4353016
11  chromedriver                        0x0000000104596d5c chromedriver + 4353372
12  chromedriver                        0x00000001045aa438 chromedriver + 4432952
13  libsystem_pthread.dylib             0x000000018dd9226c _pthread_start + 148
14  libsystem_pthread.dylib             0x000000018dd8d08c thread_start + 8
</status>
</test>
<doc>Testing Forgotten password form</doc>
<status status="FAIL" starttime="20220509 00:29:09.555" endtime="20220509 00:29:25.264"/>
</suite>
<suite id="s1-s4" name="TS 004 - Top navbar and Search" source="/Users/filipjadrnicek/UTB/AP4TS/Projekt_TS/Automatization/Tests/TS_004 - Top navbar and Search.robot">
<test id="s1-s4-t1" name="TC_001 : Test_Navigation" line="7">
<kw name="Open_Browser_and_url" library="resources">
<doc>Openin browser, maximizing window and checking if title is correct</doc>
<kw name="Open Browser" library="SeleniumLibrary">
<arg>${url}</arg>
<arg>${browser}</arg>
<doc>Opens a new browser instance to the optional ``url``.</doc>
<msg timestamp="20220509 00:29:25.272" level="INFO">Opening browser 'Chrome' to base url 'https://www.jadberg.eu/'.</msg>
<status status="PASS" starttime="20220509 00:29:25.272" endtime="20220509 00:29:29.488"/>
</kw>
<kw name="Maximize Browser Window" library="SeleniumLibrary">
<doc>Maximizes current browser window.</doc>
<status status="PASS" starttime="20220509 00:29:29.488" endtime="20220509 00:29:30.056"/>
</kw>
<kw name="Title Should Be" library="SeleniumLibrary">
<arg>Sportovní oblečení a dresy - Jadberg</arg>
<doc>Verifies that the current page title equals ``title``.</doc>
<msg timestamp="20220509 00:29:30.228" level="INFO">Page title is 'Sportovní oblečení a dresy - Jadberg'.</msg>
<status status="PASS" starttime="20220509 00:29:30.057" endtime="20220509 00:29:30.228"/>
</kw>
<status status="PASS" starttime="20220509 00:29:25.272" endtime="20220509 00:29:30.229"/>
</kw>
<kw name="Set Selenium Speed" library="SeleniumLibrary">
<arg>0.05 seconds</arg>
<doc>Sets the delay that is waited after each Selenium command.</doc>
<status status="PASS" starttime="20220509 00:29:30.229" endtime="20220509 00:29:30.229"/>
</kw>
<kw name="Set Screenshot Directory" library="SeleniumLibrary">
<arg>../SCREENSHOTS/SCREENSHOTS - Top Navbar</arg>
<doc>Sets the directory for captured screenshots.</doc>
<status status="PASS" starttime="20220509 00:29:30.229" endtime="20220509 00:29:30.229"/>
</kw>
<kw name="Click_Link_Title_Should_Be" library="resources">
<arg>${LINK_NAVBAR_FREE_TIME}</arg>
<arg>${TITLE_NAVBAR_FREE_TIME}</arg>
<kw name="Click Link" library="SeleniumLibrary">
<arg>xpath:${navigation_path}</arg>
<doc>Clicks a link identified by ``locator``.</doc>
<msg timestamp="20220509 00:29:30.230" level="INFO">Clicking link 'xpath:/html/body/div[4]/div[1]/div/nav/div[1]/div[4]/strong/h4/a'.</msg>
<status status="PASS" starttime="20220509 00:29:30.230" endtime="20220509 00:29:31.069"/>
</kw>
<kw name="Title Should Be" library="SeleniumLibrary">
<arg>${title}</arg>
<doc>Verifies that the current page title equals ``title``.</doc>
<msg timestamp="20220509 00:29:31.747" level="INFO">Page title is 'Trénink a volný čas - Jadberg'.</msg>
<status status="PASS" starttime="20220509 00:29:31.069" endtime="20220509 00:29:31.748"/>
</kw>
<status status="PASS" starttime="20220509 00:29:30.229" endtime="20220509 00:29:31.748"/>
</kw>
<kw name="Capture Page Screenshot" library="SeleniumLibrary">
<doc>Takes a screenshot of the current page and embeds it into a log file.</doc>
<msg timestamp="20220509 00:29:32.035" level="INFO" html="true">&lt;/td&gt;&lt;/tr&gt;&lt;tr&gt;&lt;td colspan="3"&gt;&lt;a href="../SCREENSHOTS/SCREENSHOTS%20-%20Top%20Navbar/selenium-screenshot-1.png"&gt;&lt;img src="../SCREENSHOTS/SCREENSHOTS%20-%20Top%20Navbar/selenium-screenshot-1.png" width="800px"&gt;&lt;/a&gt;</msg>
<status status="PASS" starttime="20220509 00:29:31.748" endtime="20220509 00:29:32.035"/>
</kw>
<kw name="Click_Link_Title_Should_Be" library="resources">
<arg>${LINK_NAVBAR_VOLEYBALL}</arg>
<arg>${TITLE_NAVBAR_VOLEYBALL}</arg>
<kw name="Click Link" library="SeleniumLibrary">
<arg>xpath:${navigation_path}</arg>
<doc>Clicks a link identified by ``locator``.</doc>
<msg timestamp="20220509 00:29:32.035" level="INFO">Clicking link 'xpath:/html/body/div[4]/div[1]/div/nav/div[1]/div[5]/strong/h4/a'.</msg>
<status status="PASS" starttime="20220509 00:29:32.035" endtime="20220509 00:29:33.552"/>
</kw>
<kw name="Title Should Be" library="SeleniumLibrary">
<arg>${title}</arg>
<doc>Verifies that the current page title equals ``title``.</doc>
<msg timestamp="20220509 00:29:33.612" level="INFO">Page title is 'Volejbal - Jadberg'.</msg>
<status status="PASS" starttime="20220509 00:29:33.552" endtime="20220509 00:29:33.613"/>
</kw>
<status status="PASS" starttime="20220509 00:29:32.035" endtime="20220509 00:29:33.613"/>
</kw>
<kw name="Capture Page Screenshot" library="SeleniumLibrary">
<doc>Takes a screenshot of the current page and embeds it into a log file.</doc>
<msg timestamp="20220509 00:29:33.977" level="INFO" html="true">&lt;/td&gt;&lt;/tr&gt;&lt;tr&gt;&lt;td colspan="3"&gt;&lt;a href="../SCREENSHOTS/SCREENSHOTS%20-%20Top%20Navbar/selenium-screenshot-2.png"&gt;&lt;img src="../SCREENSHOTS/SCREENSHOTS%20-%20Top%20Navbar/selenium-screenshot-2.png" width="800px"&gt;&lt;/a&gt;</msg>
<status status="PASS" starttime="20220509 00:29:33.614" endtime="20220509 00:29:33.977"/>
</kw>
<kw name="Click_Link_Title_Should_Be" library="resources">
<arg>${LINK_NAVBAR_BASKETBALL}</arg>
<arg>${TITLE_NAVBAR_BASKETBALL}</arg>
<kw name="Click Link" library="SeleniumLibrary">
<arg>xpath:${navigation_path}</arg>
<doc>Clicks a link identified by ``locator``.</doc>
<msg timestamp="20220509 00:29:33.978" level="INFO">Clicking link 'xpath:/html/body/div[4]/div[1]/div/nav/div[1]/div[1]/strong/h4/a'.</msg>
<status status="PASS" starttime="20220509 00:29:33.978" endtime="20220509 00:29:35.736"/>
</kw>
<kw name="Title Should Be" library="SeleniumLibrary">
<arg>${title}</arg>
<doc>Verifies that the current page title equals ``title``.</doc>
<msg timestamp="20220509 00:29:35.794" level="INFO">Page title is 'Basketbal - Jadberg'.</msg>
<status status="PASS" starttime="20220509 00:29:35.736" endtime="20220509 00:29:35.794"/>
</kw>
<status status="PASS" starttime="20220509 00:29:33.977" endtime="20220509 00:29:35.795"/>
</kw>
<kw name="Capture Page Screenshot" library="SeleniumLibrary">
<doc>Takes a screenshot of the current page and embeds it into a log file.</doc>
<msg timestamp="20220509 00:29:36.135" level="INFO" html="true">&lt;/td&gt;&lt;/tr&gt;&lt;tr&gt;&lt;td colspan="3"&gt;&lt;a href="../SCREENSHOTS/SCREENSHOTS%20-%20Top%20Navbar/selenium-screenshot-3.png"&gt;&lt;img src="../SCREENSHOTS/SCREENSHOTS%20-%20Top%20Navbar/selenium-screenshot-3.png" width="800px"&gt;&lt;/a&gt;</msg>
<status status="PASS" starttime="20220509 00:29:35.795" endtime="20220509 00:29:36.135"/>
</kw>
<kw name="Click_Link_Title_Should_Be" library="resources">
<arg>${LINK_NAVBAR_FLOORBALL}</arg>
<arg>${TITLE_NAVBAR_FLORBALL}</arg>
<kw name="Click Link" library="SeleniumLibrary">
<arg>xpath:${navigation_path}</arg>
<doc>Clicks a link identified by ``locator``.</doc>
<msg timestamp="20220509 00:29:36.136" level="INFO">Clicking link 'xpath:/html/body/div[4]/div[1]/div/nav/div[1]/div[2]/strong/h4/a'.</msg>
<status status="PASS" starttime="20220509 00:29:36.136" endtime="20220509 00:29:37.765"/>
</kw>
<kw name="Title Should Be" library="SeleniumLibrary">
<arg>${title}</arg>
<doc>Verifies that the current page title equals ``title``.</doc>
<msg timestamp="20220509 00:29:37.822" level="INFO">Page title is 'Florbal - Jadberg'.</msg>
<status status="PASS" starttime="20220509 00:29:37.765" endtime="20220509 00:29:37.822"/>
</kw>
<status status="PASS" starttime="20220509 00:29:36.136" endtime="20220509 00:29:37.823"/>
</kw>
<kw name="Capture Page Screenshot" library="SeleniumLibrary">
<doc>Takes a screenshot of the current page and embeds it into a log file.</doc>
<msg timestamp="20220509 00:29:38.388" level="INFO" html="true">&lt;/td&gt;&lt;/tr&gt;&lt;tr&gt;&lt;td colspan="3"&gt;&lt;a href="../SCREENSHOTS/SCREENSHOTS%20-%20Top%20Navbar/selenium-screenshot-4.png"&gt;&lt;img src="../SCREENSHOTS/SCREENSHOTS%20-%20Top%20Navbar/selenium-screenshot-4.png" width="800px"&gt;&lt;/a&gt;</msg>
<status status="PASS" starttime="20220509 00:29:37.823" endtime="20220509 00:29:38.388"/>
</kw>
<kw name="Click_Link_Title_Should_Be" library="resources">
<arg>${LINK_NAVBAR_FOOTBALL}</arg>
<arg>${TITLE_NAVBAR_FOTBALL}</arg>
<kw name="Click Link" library="SeleniumLibrary">
<arg>xpath:${navigation_path}</arg>
<doc>Clicks a link identified by ``locator``.</doc>
<msg timestamp="20220509 00:29:38.389" level="INFO">Clicking link 'xpath:/html/body/div[4]/div[1]/div/nav/div[1]/div[3]/strong/h4/a'.</msg>
<status status="PASS" starttime="20220509 00:29:38.388" endtime="20220509 00:29:40.056"/>
</kw>
<kw name="Title Should Be" library="SeleniumLibrary">
<arg>${title}</arg>
<doc>Verifies that the current page title equals ``title``.</doc>
<msg timestamp="20220509 00:29:40.113" level="INFO">Page title is 'Fotbal - Jadberg'.</msg>
<status status="PASS" starttime="20220509 00:29:40.056" endtime="20220509 00:29:40.114"/>
</kw>
<status status="PASS" starttime="20220509 00:29:38.388" endtime="20220509 00:29:40.114"/>
</kw>
<kw name="Capture Page Screenshot" library="SeleniumLibrary">
<doc>Takes a screenshot of the current page and embeds it into a log file.</doc>
<msg timestamp="20220509 00:29:40.461" level="INFO" html="true">&lt;/td&gt;&lt;/tr&gt;&lt;tr&gt;&lt;td colspan="3"&gt;&lt;a href="../SCREENSHOTS/SCREENSHOTS%20-%20Top%20Navbar/selenium-screenshot-5.png"&gt;&lt;img src="../SCREENSHOTS/SCREENSHOTS%20-%20Top%20Navbar/selenium-screenshot-5.png" width="800px"&gt;&lt;/a&gt;</msg>
<status status="PASS" starttime="20220509 00:29:40.114" endtime="20220509 00:29:40.461"/>
</kw>
<doc>Clicking navigation bar and checking if title matches or not</doc>
<status status="PASS" starttime="20220509 00:29:25.272" endtime="20220509 00:29:40.461"/>
</test>
<test id="s1-s4-t2" name="TC_002 : Test_Clicking_Logo_To_Main_Page" line="28">
<kw name="Click_Logo" library="resources">
<kw name="Click Element" library="SeleniumLibrary">
<arg>xpath:${SVG_LOGO}</arg>
<doc>Click the element identified by ``locator``.</doc>
<msg timestamp="20220509 00:29:40.462" level="INFO">Clicking element 'xpath://a[@id='logo']//*[name()='svg']'.</msg>
<status status="PASS" starttime="20220509 00:29:40.462" endtime="20220509 00:29:41.425"/>
</kw>
<kw name="Title Should Be" library="SeleniumLibrary">
<arg>Sportovní oblečení a dresy - Jadberg</arg>
<doc>Verifies that the current page title equals ``title``.</doc>
<msg timestamp="20220509 00:29:41.502" level="INFO">Page title is 'Sportovní oblečení a dresy - Jadberg'.</msg>
<status status="PASS" starttime="20220509 00:29:41.425" endtime="20220509 00:29:41.502"/>
</kw>
<status status="PASS" starttime="20220509 00:29:40.462" endtime="20220509 00:29:41.502"/>
</kw>
<kw name="Capture Page Screenshot" library="SeleniumLibrary">
<doc>Takes a screenshot of the current page and embeds it into a log file.</doc>
<msg timestamp="20220509 00:29:43.098" level="INFO" html="true">&lt;/td&gt;&lt;/tr&gt;&lt;tr&gt;&lt;td colspan="3"&gt;&lt;a href="../SCREENSHOTS/SCREENSHOTS%20-%20Top%20Navbar/selenium-screenshot-6.png"&gt;&lt;img src="../SCREENSHOTS/SCREENSHOTS%20-%20Top%20Navbar/selenium-screenshot-6.png" width="800px"&gt;&lt;/a&gt;</msg>
<status status="PASS" starttime="20220509 00:29:41.502" endtime="20220509 00:29:43.098"/>
</kw>
<doc>Clicking on logo of the webpage, then checking if title matches</doc>
<status status="PASS" starttime="20220509 00:29:40.461" endtime="20220509 00:29:43.098"/>
</test>
<test id="s1-s4-t3" name="TC_003 : Test_Hover_Choose_Click" line="33">
<kw name="Hover_Then_Click" library="resources">
<arg>${LINK_NAVBAR_FOOTBALL}</arg>
<arg>${LINK_IN_NAVBAR_HSOCKS}</arg>
<arg>${NAVBAR_FOOTBALL_HIGH_SOCKS}</arg>
<arg>${NAVBAR_HIGH_SOCKS_TITLE}</arg>
<kw name="Mouse Over" library="SeleniumLibrary">
<arg>xpath:${navigation_path_hover}</arg>
<doc>Simulates hovering the mouse over the element ``locator``.</doc>
<msg timestamp="20220509 00:29:43.099" level="INFO">Simulating Mouse Over on element 'xpath:/html/body/div[4]/div[1]/div/nav/div[1]/div[3]/strong/h4/a'.</msg>
<status status="PASS" starttime="20220509 00:29:43.099" endtime="20220509 00:29:43.520"/>
</kw>
<kw name="Wait Until Element Is Visible" library="SeleniumLibrary">
<arg>xpath:${navigation_path_click}</arg>
<doc>Waits until the element ``locator`` is visible.</doc>
<status status="PASS" starttime="20220509 00:29:43.520" endtime="20220509 00:29:43.661"/>
</kw>
<kw name="Click Link" library="SeleniumLibrary">
<arg>xpath:${navigation_path_click}</arg>
<doc>Clicks a link identified by ``locator``.</doc>
<msg timestamp="20220509 00:29:43.662" level="INFO">Clicking link 'xpath:/html/body/div[4]/div[1]/div/nav/div[1]/div[3]/div/ul/li[3]/a'.</msg>
<status status="PASS" starttime="20220509 00:29:43.661" endtime="20220509 00:29:44.954"/>
</kw>
<kw name="Page Should Contain Element" library="SeleniumLibrary">
<arg>${contain_element}</arg>
<doc>Verifies that element ``locator`` is found on the current page.</doc>
<msg timestamp="20220509 00:29:45.017" level="INFO">Current page contains element '//li[1]//div[1]//a[1]//div[1]//div[6]//img[1]'.</msg>
<status status="PASS" starttime="20220509 00:29:44.954" endtime="20220509 00:29:45.017"/>
</kw>
<kw name="Title Should Be" library="SeleniumLibrary">
<arg>${html_title}</arg>
<doc>Verifies that the current page title equals ``title``.</doc>
<msg timestamp="20220509 00:29:45.074" level="INFO">Page title is 'Štulpny a ponožky - Jadberg'.</msg>
<status status="PASS" starttime="20220509 00:29:45.017" endtime="20220509 00:29:45.074"/>
</kw>
<status status="PASS" starttime="20220509 00:29:43.099" endtime="20220509 00:29:45.074"/>
</kw>
<kw name="Capture Page Screenshot" library="SeleniumLibrary">
<doc>Takes a screenshot of the current page and embeds it into a log file.</doc>
<msg timestamp="20220509 00:29:45.374" level="INFO" html="true">&lt;/td&gt;&lt;/tr&gt;&lt;tr&gt;&lt;td colspan="3"&gt;&lt;a href="../SCREENSHOTS/SCREENSHOTS%20-%20Top%20Navbar/selenium-screenshot-7.png"&gt;&lt;img src="../SCREENSHOTS/SCREENSHOTS%20-%20Top%20Navbar/selenium-screenshot-7.png" width="800px"&gt;&lt;/a&gt;</msg>
<status status="PASS" starttime="20220509 00:29:45.075" endtime="20220509 00:29:45.375"/>
</kw>
<kw name="Hover_Then_Click" library="resources">
<arg>${LINK_NAVBAR_VOLEYBALL}</arg>
<arg>${LINK_IN_NAVBAR_VOLSHORTS}</arg>
<arg>${NAVBAR_VOLEYBALL_SHORTS}</arg>
<arg>${NAVBAR_SHORTS_TITLE}</arg>
<kw name="Mouse Over" library="SeleniumLibrary">
<arg>xpath:${navigation_path_hover}</arg>
<doc>Simulates hovering the mouse over the element ``locator``.</doc>
<msg timestamp="20220509 00:29:45.375" level="INFO">Simulating Mouse Over on element 'xpath:/html/body/div[4]/div[1]/div/nav/div[1]/div[5]/strong/h4/a'.</msg>
<status status="PASS" starttime="20220509 00:29:45.375" endtime="20220509 00:29:45.748"/>
</kw>
<kw name="Wait Until Element Is Visible" library="SeleniumLibrary">
<arg>xpath:${navigation_path_click}</arg>
<doc>Waits until the element ``locator`` is visible.</doc>
<status status="PASS" starttime="20220509 00:29:45.749" endtime="20220509 00:29:45.885"/>
</kw>
<kw name="Click Link" library="SeleniumLibrary">
<arg>xpath:${navigation_path_click}</arg>
<doc>Clicks a link identified by ``locator``.</doc>
<msg timestamp="20220509 00:29:45.886" level="INFO">Clicking link 'xpath:/html/body/div[4]/div[1]/div/nav/div[1]/div[5]/div/ul/li[2]/a'.</msg>
<status status="PASS" starttime="20220509 00:29:45.885" endtime="20220509 00:29:47.265"/>
</kw>
<kw name="Page Should Contain Element" library="SeleniumLibrary">
<arg>${contain_element}</arg>
<doc>Verifies that element ``locator`` is found on the current page.</doc>
<msg timestamp="20220509 00:29:47.328" level="INFO">Current page contains element '//li[1]//div[1]//a[1]//div[1]//div[6]//img[1]'.</msg>
<status status="PASS" starttime="20220509 00:29:47.266" endtime="20220509 00:29:47.329"/>
</kw>
<kw name="Title Should Be" library="SeleniumLibrary">
<arg>${html_title}</arg>
<doc>Verifies that the current page title equals ``title``.</doc>
<msg timestamp="20220509 00:29:47.386" level="INFO">Page title is 'Volejbalové trenýrky - Jadberg'.</msg>
<status status="PASS" starttime="20220509 00:29:47.329" endtime="20220509 00:29:47.386"/>
</kw>
<status status="PASS" starttime="20220509 00:29:45.375" endtime="20220509 00:29:47.387"/>
</kw>
<kw name="Capture Page Screenshot" library="SeleniumLibrary">
<doc>Takes a screenshot of the current page and embeds it into a log file.</doc>
<msg timestamp="20220509 00:29:47.724" level="INFO" html="true">&lt;/td&gt;&lt;/tr&gt;&lt;tr&gt;&lt;td colspan="3"&gt;&lt;a href="../SCREENSHOTS/SCREENSHOTS%20-%20Top%20Navbar/selenium-screenshot-8.png"&gt;&lt;img src="../SCREENSHOTS/SCREENSHOTS%20-%20Top%20Navbar/selenium-screenshot-8.png" width="800px"&gt;&lt;/a&gt;</msg>
<status status="PASS" starttime="20220509 00:29:47.387" endtime="20220509 00:29:47.724"/>
</kw>
<doc>Hovering over navbar and clicking on sections</doc>
<status status="PASS" starttime="20220509 00:29:43.098" endtime="20220509 00:29:47.724"/>
</test>
<test id="s1-s4-t4" name="TC_004 : Test_search" line="40">
<kw name="Search_With_Enter" library="resources">
<arg>${SEARCH_VAR_1}</arg>
<kw name="Click Element" library="SeleniumLibrary">
<arg>xpath:${SVG_SEARCH}</arg>
<doc>Click the element identified by ``locator``.</doc>
<msg timestamp="20220509 00:29:47.725" level="INFO">Clicking element 'xpath://div[@class='mobile-search']//*[name()='svg']'.</msg>
<status status="PASS" starttime="20220509 00:29:47.725" endtime="20220509 00:29:47.864"/>
</kw>
<kw name="Input Text" library="SeleniumLibrary">
<arg>xpath:${INPUT_SEARCH}</arg>
<arg>${search}</arg>
<doc>Types the given ``text`` into the text field identified by ``locator``.</doc>
<msg timestamp="20220509 00:29:47.864" level="INFO">Typing text 'Rukavice' into text field 'xpath:/html/body/div[5]/form/div[1]/input[1]'.</msg>
<status status="PASS" starttime="20220509 00:29:47.864" endtime="20220509 00:29:48.089"/>
</kw>
<kw name="Press Keys" library="SeleniumLibrary">
<arg>none</arg>
<arg>ENTER</arg>
<doc>Simulates the user pressing key(s) to an element or on the active browser.</doc>
<msg timestamp="20220509 00:29:48.089" level="INFO">Sending key(s) ('ENTER',) to page.</msg>
<msg timestamp="20220509 00:29:48.089" level="INFO">Pressing special key ENTER to browser.</msg>
<msg timestamp="20220509 00:29:48.089" level="INFO">Releasing special key ENTER.</msg>
<status status="PASS" starttime="20220509 00:29:48.089" endtime="20220509 00:29:49.682"/>
</kw>
<kw name="Title Should Be" library="SeleniumLibrary">
<arg>Výsledky vyhledávání pro ${search} - Jadberg</arg>
<doc>Verifies that the current page title equals ``title``.</doc>
<msg timestamp="20220509 00:29:49.740" level="INFO">Page title is 'Výsledky vyhledávání pro Rukavice - Jadberg'.</msg>
<status status="PASS" starttime="20220509 00:29:49.682" endtime="20220509 00:29:49.740"/>
</kw>
<status status="PASS" starttime="20220509 00:29:47.725" endtime="20220509 00:29:49.740"/>
</kw>
<kw name="Search_With_Enter" library="resources">
<arg>${SEARCH_VAR_2}</arg>
<kw name="Click Element" library="SeleniumLibrary">
<arg>xpath:${SVG_SEARCH}</arg>
<doc>Click the element identified by ``locator``.</doc>
<msg timestamp="20220509 00:29:49.741" level="INFO">Clicking element 'xpath://div[@class='mobile-search']//*[name()='svg']'.</msg>
<status status="PASS" starttime="20220509 00:29:49.741" endtime="20220509 00:29:49.881"/>
</kw>
<kw name="Input Text" library="SeleniumLibrary">
<arg>xpath:${INPUT_SEARCH}</arg>
<arg>${search}</arg>
<doc>Types the given ``text`` into the text field identified by ``locator``.</doc>
<msg timestamp="20220509 00:29:49.881" level="INFO">Typing text 'Trička' into text field 'xpath:/html/body/div[5]/form/div[1]/input[1]'.</msg>
<status status="PASS" starttime="20220509 00:29:49.881" endtime="20220509 00:29:50.082"/>
</kw>
<kw name="Press Keys" library="SeleniumLibrary">
<arg>none</arg>
<arg>ENTER</arg>
<doc>Simulates the user pressing key(s) to an element or on the active browser.</doc>
<msg timestamp="20220509 00:29:50.083" level="INFO">Sending key(s) ('ENTER',) to page.</msg>
<msg timestamp="20220509 00:29:50.083" level="INFO">Pressing special key ENTER to browser.</msg>
<msg timestamp="20220509 00:29:50.083" level="INFO">Releasing special key ENTER.</msg>
<status status="PASS" starttime="20220509 00:29:50.082" endtime="20220509 00:29:52.148"/>
</kw>
<kw name="Title Should Be" library="SeleniumLibrary">
<arg>Výsledky vyhledávání pro ${search} - Jadberg</arg>
<doc>Verifies that the current page title equals ``title``.</doc>
<msg timestamp="20220509 00:29:52.205" level="INFO">Page title is 'Výsledky vyhledávání pro Trička - Jadberg'.</msg>
<status status="PASS" starttime="20220509 00:29:52.148" endtime="20220509 00:29:52.205"/>
</kw>
<status status="PASS" starttime="20220509 00:29:49.740" endtime="20220509 00:29:52.206"/>
</kw>
<kw name="Search_With_Enter" library="resources">
<arg>${SEARCH_VAR_3}</arg>
<kw name="Click Element" library="SeleniumLibrary">
<arg>xpath:${SVG_SEARCH}</arg>
<doc>Click the element identified by ``locator``.</doc>
<msg timestamp="20220509 00:29:52.206" level="INFO">Clicking element 'xpath://div[@class='mobile-search']//*[name()='svg']'.</msg>
<status status="PASS" starttime="20220509 00:29:52.206" endtime="20220509 00:29:52.350"/>
</kw>
<kw name="Input Text" library="SeleniumLibrary">
<arg>xpath:${INPUT_SEARCH}</arg>
<arg>${search}</arg>
<doc>Types the given ``text`` into the text field identified by ``locator``.</doc>
[...]
</kw>
<status status="PASS" starttime="20220509 00:31:23.581" endtime="20220509 00:31:29.026"/>
</kw>
<kw name="Element Should Be Visible" library="SeleniumLibrary">
<arg>xpath:${BUTTON_ADD_MORE_SIZES}</arg>
<doc>Verifies that the element identified by ``locator`` is visible.</doc>
<msg timestamp="20220509 00:31:29.267" level="INFO">Element 'xpath:/html/body/div[7]/div[2]/div[1]/div[2]/div[3]/div[4]/div/button' is displayed.</msg>
<status status="PASS" starttime="20220509 00:31:29.027" endtime="20220509 00:31:29.268"/>
</kw>
<kw name="Click Button" library="SeleniumLibrary">
<arg>xpath:${BUTTON_ADD_MORE_SIZES}</arg>
<doc>Clicks the button identified by ``locator``.</doc>
<msg timestamp="20220509 00:31:29.270" level="INFO">Clicking button 'xpath:/html/body/div[7]/div[2]/div[1]/div[2]/div[3]/div[4]/div/button'.</msg>
<status status="PASS" starttime="20220509 00:31:29.269" endtime="20220509 00:31:29.875"/>
</kw>
<kw name="Element Should Be Visible" library="SeleniumLibrary">
<arg>xpath:${SELECT_CHOOSE_2_SIZE}</arg>
<doc>Verifies that the element identified by ``locator`` is visible.</doc>
<msg timestamp="20220509 00:31:30.101" level="INFO">Element 'xpath://div[@class='detail-variant-box__size']//select[@class='js-variant-box-sizes']' is displayed.</msg>
<status status="PASS" starttime="20220509 00:31:29.875" endtime="20220509 00:31:30.101"/>
</kw>
<kw name="Add_Size" library="resources">
<arg>${SELECT_CHOOSE_SEX}</arg>
<arg>${SELECT_CHOOSE_2_SIZE}</arg>
<arg>${INPUT_2_AMOUNT}</arg>
<arg>${INDEX_SEX_SELECT}</arg>
<arg>${INDEX_SIZE_SELECT2}</arg>
<arg>${INPUT_AMOUNT_NUMBER2}</arg>
<arg>${BUTTON_CLICK_PLIS}</arg>
<kw name="Select From List By Index" library="SeleniumLibrary">
<arg>xpath:${arg_path_list_sex}</arg>
<arg>${arg_sex}</arg>
<doc>Selects options from selection list ``locator`` by ``indexes``.</doc>
<msg timestamp="20220509 00:31:30.104" level="INFO">Selecting options from selection list 'xpath://*[@id="detail"]/div[2]/div[3]/div[3]/div/div/div/select' by index 1.</msg>
<status status="PASS" starttime="20220509 00:31:30.104" endtime="20220509 00:31:31.011"/>
</kw>
<kw name="Select From List By Index" library="SeleniumLibrary">
<arg>xpath:${arg_path_list_size}</arg>
<arg>${arg_size}</arg>
<doc>Selects options from selection list ``locator`` by ``indexes``.</doc>
<msg timestamp="20220509 00:31:31.015" level="INFO">Selecting options from selection list 'xpath://div[@class='detail-variant-box__size']//select[@class='js-variant-box-sizes']' by index 5.</msg>
<status status="PASS" starttime="20220509 00:31:31.012" endtime="20220509 00:31:32.531"/>
</kw>
<kw name="Input Text" library="SeleniumLibrary">
<arg>xpath:${arg_path_input}</arg>
<arg>${arg_input_count}</arg>
<doc>Types the given ``text`` into the text field identified by ``locator``.</doc>
<msg timestamp="20220509 00:31:32.531" level="INFO">Typing text '3' into text field 'xpath://div[@class='detail-variant-box__size']//input[@value='1']'.</msg>
<status status="PASS" starttime="20220509 00:31:32.531" endtime="20220509 00:31:32.924"/>
</kw>
<kw name="Textfield Should Contain" library="SeleniumLibrary">
<arg>xpath:${arg_path_input}</arg>
<arg>${arg_input_count}</arg>
<doc>Verifies text field ``locator`` contains text ``expected``.</doc>
<msg timestamp="20220509 00:31:33.381" level="INFO">Text field 'xpath://div[@class='detail-variant-box__size']//input[@value='1']' contains text '3'.</msg>
<status status="PASS" starttime="20220509 00:31:32.924" endtime="20220509 00:31:33.381"/>
</kw>
<kw name="Repeat Keyword" library="BuiltIn">
<arg>${arg_click_plus} times</arg>
<arg>Click_Plus_Button</arg>
<doc>Executes the specified keyword multiple times.</doc>
<msg timestamp="20220509 00:31:33.383" level="INFO">Repeating keyword, round 1/2.</msg>
<kw name="Click_Plus_Button" library="resources">
<kw name="Click Button" library="SeleniumLibrary">
<arg>xpath:/html/body/div[7]/div[2]/div[1]/div[2]/div[3]/div[4]/div/div/div[2]/div/button[1]</arg>
<doc>Clicks the button identified by ``locator``.</doc>
<msg timestamp="20220509 00:31:33.385" level="INFO">Clicking button 'xpath:/html/body/div[7]/div[2]/div[1]/div[2]/div[3]/div[4]/div/div/div[2]/div/button[1]'.</msg>
<status status="PASS" starttime="20220509 00:31:33.384" endtime="20220509 00:31:33.958"/>
</kw>
<status status="PASS" starttime="20220509 00:31:33.384" endtime="20220509 00:31:33.958"/>
</kw>
<msg timestamp="20220509 00:31:33.958" level="INFO">Repeating keyword, round 2/2.</msg>
<kw name="Click_Plus_Button" library="resources">
<kw name="Click Button" library="SeleniumLibrary">
<arg>xpath:/html/body/div[7]/div[2]/div[1]/div[2]/div[3]/div[4]/div/div/div[2]/div/button[1]</arg>
<doc>Clicks the button identified by ``locator``.</doc>
<msg timestamp="20220509 00:31:33.960" level="INFO">Clicking button 'xpath:/html/body/div[7]/div[2]/div[1]/div[2]/div[3]/div[4]/div/div/div[2]/div/button[1]'.</msg>
<status status="PASS" starttime="20220509 00:31:33.959" endtime="20220509 00:31:34.533"/>
</kw>
<status status="PASS" starttime="20220509 00:31:33.959" endtime="20220509 00:31:34.534"/>
</kw>
<status status="PASS" starttime="20220509 00:31:33.382" endtime="20220509 00:31:34.534"/>
</kw>
<status status="PASS" starttime="20220509 00:31:30.102" endtime="20220509 00:31:34.534"/>
</kw>
<kw name="Element Should Be Visible" library="SeleniumLibrary">
<arg>xpath:${BUTTON_REMOVE_SIZE}</arg>
<doc>Verifies that the element identified by ``locator`` is visible.</doc>
<msg timestamp="20220509 00:31:34.773" level="INFO">Element 'xpath:/html/body/div[7]/div[2]/div[1]/div[2]/div[3]/div[4]/div[2]/button' is displayed.</msg>
<status status="PASS" starttime="20220509 00:31:34.535" endtime="20220509 00:31:34.773"/>
</kw>
<kw name="Click Button" library="SeleniumLibrary">
<arg>xpath:${BUTTON_REMOVE_SIZE}</arg>
<doc>Clicks the button identified by ``locator``.</doc>
<msg timestamp="20220509 00:31:34.776" level="INFO">Clicking button 'xpath:/html/body/div[7]/div[2]/div[1]/div[2]/div[3]/div[4]/div[2]/button'.</msg>
<status status="PASS" starttime="20220509 00:31:34.774" endtime="20220509 00:31:35.366"/>
</kw>
<kw name="Scroll Element Into View" library="SeleniumLibrary">
<arg>xpath:${BUTTON_ADD_PRODUCT}</arg>
<doc>Scrolls the element identified by ``locator`` into view.</doc>
<status status="PASS" starttime="20220509 00:31:35.366" endtime="20220509 00:31:35.852"/>
</kw>
<kw name="Capture Page Screenshot" library="SeleniumLibrary">
<doc>Takes a screenshot of the current page and embeds it into a log file.</doc>
<msg timestamp="20220509 00:31:36.214" level="INFO" html="true">&lt;/td&gt;&lt;/tr&gt;&lt;tr&gt;&lt;td colspan="3"&gt;&lt;a href="../SCREENSHOTS/SCREENSHOTS%20-%20Shopping/selenium-screenshot-2.png"&gt;&lt;img src="../SCREENSHOTS/SCREENSHOTS%20-%20Shopping/selenium-screenshot-2.png" width="800px"&gt;&lt;/a&gt;</msg>
<status status="PASS" starttime="20220509 00:31:35.853" endtime="20220509 00:31:36.214"/>
</kw>
<kw name="Click Button" library="SeleniumLibrary">
<arg>xpath:${BUTTON_ADD_PRODUCT}</arg>
<doc>Clicks the button identified by ``locator``.</doc>
<msg timestamp="20220509 00:31:36.215" level="INFO">Clicking button 'xpath:/html/body/div[7]/div[2]/div[1]/div[2]/div[3]/div[6]/div[2]/button'.</msg>
<status status="PASS" starttime="20220509 00:31:36.214" endtime="20220509 00:31:36.796"/>
</kw>
<kw name="Wait Until Element Is Visible" library="SeleniumLibrary">
<arg>xpath:${LINK_WAITING_FOR_POPUP}</arg>
<doc>Waits until the element ``locator`` is visible.</doc>
<status status="PASS" starttime="20220509 00:31:36.796" endtime="20220509 00:31:37.665"/>
</kw>
<kw name="Click Link" library="SeleniumLibrary">
<arg>xpath:${LINK_WAITING_FOR_POPUP}</arg>
<doc>Clicks a link identified by ``locator``.</doc>
<msg timestamp="20220509 00:31:37.666" level="INFO">Clicking link 'xpath:/html/body/div[2]/div/div[6]/a[1]'.</msg>
<status status="PASS" starttime="20220509 00:31:37.665" endtime="20220509 00:31:38.779"/>
</kw>
<doc>Adding product to shopping cart. Testing sizes, add buttons etc.</doc>
<status status="PASS" starttime="20220509 00:31:11.089" endtime="20220509 00:31:38.779"/>
</test>
<test id="s1-s6-t2" name="TC_002 : Test_ShoppingCart_Button" line="36">
<kw name="Click Element" library="SeleniumLibrary">
<arg>xpath:${SVG_SHOPPING_CART}</arg>
<doc>Click the element identified by ``locator``.</doc>
<msg timestamp="20220509 00:31:38.780" level="INFO">Clicking element 'xpath://a[@id='top-cart-btn']//*[name()='svg']'.</msg>
<status status="PASS" starttime="20220509 00:31:38.780" endtime="20220509 00:31:40.301"/>
</kw>
<kw name="Capture Page Screenshot" library="SeleniumLibrary">
<doc>Takes a screenshot of the current page and embeds it into a log file.</doc>
<msg timestamp="20220509 00:31:40.597" level="INFO" html="true">&lt;/td&gt;&lt;/tr&gt;&lt;tr&gt;&lt;td colspan="3"&gt;&lt;a href="../SCREENSHOTS/SCREENSHOTS%20-%20Shopping/selenium-screenshot-3.png"&gt;&lt;img src="../SCREENSHOTS/SCREENSHOTS%20-%20Shopping/selenium-screenshot-3.png" width="800px"&gt;&lt;/a&gt;</msg>
<status status="PASS" starttime="20220509 00:31:40.301" endtime="20220509 00:31:40.597"/>
</kw>
<kw name="Title Should Be" library="SeleniumLibrary">
<arg>Košík - Jadberg</arg>
<doc>Verifies that the current page title equals ``title``.</doc>
<msg timestamp="20220509 00:31:40.705" level="INFO">Page title is 'Košík - Jadberg'.</msg>
<status status="PASS" starttime="20220509 00:31:40.597" endtime="20220509 00:31:40.705"/>
</kw>
<doc>Testing Shopping Cart Button, and matching titles</doc>
<status status="PASS" starttime="20220509 00:31:38.779" endtime="20220509 00:31:40.706"/>
</test>
<test id="s1-s6-t3" name="TC_003 : Test_ShoppingCart_Back_Button" line="42">
<kw name="Click Link" library="SeleniumLibrary">
<arg>xpath:${LINK_SHOPPING_CART_BACKB}</arg>
<doc>Clicks a link identified by ``locator``.</doc>
<msg timestamp="20220509 00:31:40.708" level="INFO">Clicking link 'xpath:/html/body/div[7]/div[2]/div/div[2]/div[3]/a[2]'.</msg>
<status status="PASS" starttime="20220509 00:31:40.707" endtime="20220509 00:31:41.845"/>
</kw>
<kw name="Title Should Be" library="SeleniumLibrary">
<arg>Crusader-Set - Jadberg</arg>
<doc>Verifies that the current page title equals ``title``.</doc>
<msg timestamp="20220509 00:31:41.951" level="INFO">Page title is 'Crusader-Set - Jadberg'.</msg>
<status status="PASS" starttime="20220509 00:31:41.845" endtime="20220509 00:31:41.951"/>
</kw>
<kw name="Click Element" library="SeleniumLibrary">
<arg>xpath:${SVG_SHOPPING_CART}</arg>
<doc>Click the element identified by ``locator``.</doc>
<msg timestamp="20220509 00:31:41.952" level="INFO">Clicking element 'xpath://a[@id='top-cart-btn']//*[name()='svg']'.</msg>
<status status="PASS" starttime="20220509 00:31:41.952" endtime="20220509 00:31:43.382"/>
</kw>
<kw name="Title Should Be" library="SeleniumLibrary">
<arg>Košík - Jadberg</arg>
<doc>Verifies that the current page title equals ``title``.</doc>
<msg timestamp="20220509 00:31:43.490" level="INFO">Page title is 'Košík - Jadberg'.</msg>
<status status="PASS" starttime="20220509 00:31:43.382" endtime="20220509 00:31:43.490"/>
</kw>
<doc>Testing Back buttons in shopping cart and checking if title matches, Ending back at start</doc>
<status status="PASS" starttime="20220509 00:31:40.706" endtime="20220509 00:31:43.491"/>
</test>
<test id="s1-s6-t4" name="TC_004 : Test_ShoppingCart_Deliver" line="49">
<kw name="Click Link" library="SeleniumLibrary">
<arg>xpath:${LINK_SHOPPING_CART_DELIVERB}</arg>
<doc>Clicks a link identified by ``locator``.</doc>
<msg timestamp="20220509 00:31:43.492" level="INFO">Clicking link 'xpath:/html/body/div[7]/div[2]/div/div[2]/div[3]/a[1]'.</msg>
<status status="PASS" starttime="20220509 00:31:43.492" endtime="20220509 00:31:43.873"/>
</kw>
<kw name="Wait Until Page Contains Element" library="SeleniumLibrary">
<arg>xpath:${DIV_SHOPPING_CART_CPOFDEL_2}</arg>
<doc>Waits until the element ``locator`` appears on the current page.</doc>
<status status="PASS" starttime="20220509 00:31:43.873" endtime="20220509 00:31:45.162"/>
</kw>
<kw name="Page Should Contain Link" library="SeleniumLibrary">
<arg>xpath:${LINK_SHOPPING_CART_BACKTOSHOP}</arg>
<doc>Verifies link identified by ``locator`` is found from current page.</doc>
<msg timestamp="20220509 00:31:45.380" level="INFO">Current page contains link 'xpath:/html/body/div[7]/div[2]/div[2]/div[12]/a'.</msg>
<status status="PASS" starttime="20220509 00:31:45.163" endtime="20220509 00:31:45.380"/>
</kw>
<kw name="Click Element" library="SeleniumLibrary">
<arg>xpath:${DIV_SHOPPING_CART_CPOFDEL_2}</arg>
<doc>Click the element identified by ``locator``.</doc>
<msg timestamp="20220509 00:31:45.384" level="INFO">Clicking element 'xpath:/html/body/div[7]/div[2]/div[2]/form/div[1]/div[1]/div[2]'.</msg>
<status status="PASS" starttime="20220509 00:31:45.382" endtime="20220509 00:31:45.640"/>
</kw>
<kw name="Element Should Be Enabled" library="SeleniumLibrary">
<arg>xpath:${DIV_SHOPPING_CART_CPOFDEL_2}</arg>
<doc>Verifies that element identified by ``locator`` is enabled.</doc>
<status status="PASS" starttime="20220509 00:31:45.641" endtime="20220509 00:31:45.985"/>
</kw>
<kw name="Click Element" library="SeleniumLibrary">
<arg>xpath:${DIV_SHOPPING_CART_WOFPAY_1}</arg>
<doc>Click the element identified by ``locator``.</doc>
<msg timestamp="20220509 00:31:45.986" level="INFO">Clicking element 'xpath:/html/body/div[7]/div[2]/div[2]/form/div[1]/div[2]/div[1]'.</msg>
<status status="PASS" starttime="20220509 00:31:45.985" endtime="20220509 00:31:46.240"/>
</kw>
<kw name="Element Should Be Enabled" library="SeleniumLibrary">
<arg>xpath:${DIV_SHOPPING_CART_WOFPAY_1}</arg>
<doc>Verifies that element identified by ``locator`` is enabled.</doc>
<status status="PASS" starttime="20220509 00:31:46.240" endtime="20220509 00:31:46.586"/>
</kw>
<kw name="Click Element" library="SeleniumLibrary">
<arg>xpath:${DIV_SHOPPING_CART_CPOFDEL_3}</arg>
<doc>Click the element identified by ``locator``.</doc>
<msg timestamp="20220509 00:31:46.589" level="INFO">Clicking element 'xpath:/html/body/div[7]/div[2]/div[2]/form/div[1]/div[1]/div[3]'.</msg>
<status status="PASS" starttime="20220509 00:31:46.587" endtime="20220509 00:31:46.846"/>
</kw>
<kw name="Element Should Be Enabled" library="SeleniumLibrary">
<arg>xpath:${DIV_SHOPPING_CART_CPOFDEL_3}</arg>
<doc>Verifies that element identified by ``locator`` is enabled.</doc>
<status status="PASS" starttime="20220509 00:31:46.846" endtime="20220509 00:31:47.182"/>
</kw>
<kw name="Click Element" library="SeleniumLibrary">
<arg>xpath:${DIV_SHOPPING_CART_CPOFDEL_1}</arg>
<doc>Click the element identified by ``locator``.</doc>
<msg timestamp="20220509 00:31:47.185" level="INFO">Clicking element 'xpath:/html/body/div[7]/div[2]/div[2]/form/div[1]/div[1]/div[1]'.</msg>
<status status="PASS" starttime="20220509 00:31:47.183" endtime="20220509 00:31:47.444"/>
</kw>
<kw name="Element Should Be Enabled" library="SeleniumLibrary">
<arg>xpath:${DIV_SHOPPING_CART_CPOFDEL_1}</arg>
<doc>Verifies that element identified by ``locator`` is enabled.</doc>
<status status="PASS" starttime="20220509 00:31:47.444" endtime="20220509 00:31:47.787"/>
</kw>
<kw name="Capture Page Screenshot" library="SeleniumLibrary">
<doc>Takes a screenshot of the current page and embeds it into a log file.</doc>
<msg timestamp="20220509 00:31:48.075" level="INFO" html="true">&lt;/td&gt;&lt;/tr&gt;&lt;tr&gt;&lt;td colspan="3"&gt;&lt;a href="../SCREENSHOTS/SCREENSHOTS%20-%20Shopping/selenium-screenshot-4.png"&gt;&lt;img src="../SCREENSHOTS/SCREENSHOTS%20-%20Shopping/selenium-screenshot-4.png" width="800px"&gt;&lt;/a&gt;</msg>
<status status="PASS" starttime="20220509 00:31:47.788" endtime="20220509 00:31:48.076"/>
</kw>
<kw name="Click Link" library="SeleniumLibrary">
<arg>xpath:${LINK_SHOPPING_CART_BACKTOSHOP}</arg>
<doc>Clicks a link identified by ``locator``.</doc>
<msg timestamp="20220509 00:31:48.076" level="INFO">Clicking link 'xpath:/html/body/div[7]/div[2]/div[2]/div[12]/a'.</msg>
<status status="PASS" starttime="20220509 00:31:48.076" endtime="20220509 00:31:49.682"/>
</kw>
<kw name="Page Should Contain Element" library="SeleniumLibrary">
<arg>xpath:${LINK_SHOPPING_CART_BACKB}</arg>
<doc>Verifies that element ``locator`` is found on the current page.</doc>
<msg timestamp="20220509 00:31:49.797" level="INFO">Current page contains element 'xpath:/html/body/div[7]/div[2]/div/div[2]/div[3]/a[2]'.</msg>
<status status="PASS" starttime="20220509 00:31:49.682" endtime="20220509 00:31:49.797"/>
</kw>
<doc>Testing Deliver Options and Payment Options, and checking if they are Enabled or not, Then Checking back button</doc>
<status status="PASS" starttime="20220509 00:31:43.491" endtime="20220509 00:31:49.797"/>
</test>
<test id="s1-s6-t5" name="TC_005 : Test_ShoppingCart_Removing_Product" line="66">
<kw name="Wait Until Page Contains Element" library="SeleniumLibrary">
<arg>xpath:${LINK_SHOPPING_CART_REMOVE}</arg>
<doc>Waits until the element ``locator`` appears on the current page.</doc>
<status status="PASS" starttime="20220509 00:31:49.798" endtime="20220509 00:31:49.914"/>
</kw>
<kw name="Click Link" library="SeleniumLibrary">
<arg>xpath:${LINK_SHOPPING_CART_REMOVE}</arg>
<doc>Clicks a link identified by ``locator``.</doc>
<msg timestamp="20220509 00:31:49.915" level="INFO">Clicking link 'xpath:/html/body/div[7]/div[2]/div/div[1]/form/table/tbody/tr[2]/td[6]/a'.</msg>
<status status="PASS" starttime="20220509 00:31:49.915" endtime="20220509 00:31:51.678"/>
</kw>
<kw name="Page Should Not Contain Link" library="SeleniumLibrary">
<arg>xpath:${LINK_TO_PRODUCT}</arg>
<doc>Verifies link identified by ``locator`` is not found from current page.</doc>
<msg timestamp="20220509 00:31:51.792" level="INFO">Current page does not contain link 'xpath:/html/body/div[7]/div[2]/div/div[1]/form/table/tbody/tr[2]/td[1]/div/div[2]/a'.</msg>
<status status="PASS" starttime="20220509 00:31:51.678" endtime="20220509 00:31:51.792"/>
</kw>
<kw name="Capture Page Screenshot" library="SeleniumLibrary">
<doc>Takes a screenshot of the current page and embeds it into a log file.</doc>
<msg timestamp="20220509 00:31:52.174" level="INFO" html="true">&lt;/td&gt;&lt;/tr&gt;&lt;tr&gt;&lt;td colspan="3"&gt;&lt;a href="../SCREENSHOTS/SCREENSHOTS%20-%20Shopping/selenium-screenshot-5.png"&gt;&lt;img src="../SCREENSHOTS/SCREENSHOTS%20-%20Shopping/selenium-screenshot-5.png" width="800px"&gt;&lt;/a&gt;</msg>
<status status="PASS" starttime="20220509 00:31:51.792" endtime="20220509 00:31:52.174"/>
</kw>
<kw name="Close Browser" library="SeleniumLibrary" type="TEARDOWN">
<doc>Closes the current browser.</doc>
<status status="PASS" starttime="20220509 00:31:52.175" endtime="20220509 00:31:52.335"/>
</kw>
<status status="PASS" starttime="20220509 00:31:49.797" endtime="20220509 00:31:52.335"/>
</test>
<doc>Testing shopping cart and shopping over all, adding sizes and stuffs. Also checking devlivery and payment options and back buttons</doc>
<status status="PASS" starttime="20220509 00:31:11.085" endtime="20220509 00:31:52.335"/>
</suite>
<status status="FAIL" starttime="20220509 00:28:15.581" endtime="20220509 00:31:52.337"/>
</suite>
<statistics>
<total>
<stat pass="39" fail="1" skip="0">All Tests</stat>
</total>
<tag>
</tag>
<suite>
<stat pass="39" fail="1" skip="0" id="s1" name="Tests">Tests</stat>
<stat pass="7" fail="0" skip="0" id="s1-s1" name="TS 001 - Main Page">Tests.TS 001 - Main Page</stat>
<stat pass="2" fail="0" skip="0" id="s1-s2" name="TS 002 - Login">Tests.TS 002 - Login</stat>
<stat pass="2" fail="1" skip="0" id="s1-s3" name="TS 003 - Forgotten password">Tests.TS 003 - Forgotten password</stat>
<stat pass="4" fail="0" skip="0" id="s1-s4" name="TS 004 - Top navbar and Search">Tests.TS 004 - Top navbar and Search</stat>
<stat pass="19" fail="0" skip="0" id="s1-s5" name="TS 005 - Registration">Tests.TS 005 - Registration</stat>
<stat pass="5" fail="0" skip="0" id="s1-s6" name="TS 006 - Shopping">Tests.TS 006 - Shopping</stat>
</suite>
</statistics>
<errors>
</errors>
</robot>
